<?xml version="1.0" encoding="UTF-8"?>
<coverage generated="1778767886756" clover="3.2.0">
  <project timestamp="1778767886756" name="All files">
    <metrics statements="269" coveredstatements="266" conditionals="201" coveredconditionals="188" methods="100" coveredmethods="98" elements="570" coveredelements="552" complexity="0" loc="269" ncloc="269" packages="10" files="20" classes="20"/>
    <package name="__tests__">
      <metrics statements="4" coveredstatements="4" conditionals="0" coveredconditionals="0" methods="4" coveredmethods="3"/>
      <file name="fixtures.ts" path="/Users/francescomeli/Projects/bee-beepro-frontend-e2e/history_report/src/__tests__/fixtures.ts">
        <metrics statements="4" coveredstatements="4" conditionals="0" coveredconditionals="0" methods="4" coveredmethods="3"/>
        <line num="3" count="133" type="stmt"/>
        <line num="9" count="14" type="stmt"/>
        <line num="16" count="31" type="stmt"/>
        <line num="30" count="5" type="stmt"/>
      </file>
    </package>
    <package name="components.ErrorMessage">
      <metrics statements="2" coveredstatements="2" conditionals="0" coveredconditionals="0" methods="0" coveredmethods="0"/>
      <file name="ErrorMessage.tsx" path="/Users/francescomeli/Projects/bee-beepro-frontend-e2e/history_report/src/components/ErrorMessage/ErrorMessage.tsx">
        <metrics statements="2" coveredstatements="2" conditionals="0" coveredconditionals="0" methods="0" coveredmethods="0"/>
        <line num="3" count="1" type="stmt"/>
        <line num="14" count="2" type="stmt"/>
      </file>
    </package>
    <package name="components.Filters">
      <metrics statements="83" coveredstatements="80" conditionals="60" coveredconditionals="53" methods="42" coveredmethods="41"/>
      <file name="FilterMultiSelect.tsx" path="/Users/francescomeli/Projects/bee-beepro-frontend-e2e/history_report/src/components/Filters/FilterMultiSelect.tsx">
        <metrics statements="19" coveredstatements="19" conditionals="12" coveredconditionals="11" methods="10" coveredmethods="10"/>
        <line num="3" count="1" type="stmt"/>
        <line num="4" count="1" type="stmt"/>
        <line num="13" count="1" type="stmt"/>
        <line num="14" count="14" type="stmt"/>
        <line num="15" count="14" type="stmt"/>
        <line num="17" count="14" type="stmt"/>
        <line num="18" count="8" type="stmt"/>
        <line num="19" count="1" type="cond" truecount="3" falsecount="1"/>
        <line num="21" count="8" type="stmt"/>
        <line num="22" count="8" type="stmt"/>
        <line num="25" count="14" type="stmt"/>
        <line num="26" count="2" type="stmt"/>
        <line num="27" count="2" type="cond" truecount="2" falsecount="0"/>
        <line num="31" count="14" type="cond" truecount="2" falsecount="0"/>
        <line num="36" count="5" type="stmt"/>
        <line num="43" count="1" type="stmt"/>
        <line num="49" count="15" type="stmt"/>
        <line num="54" count="2" type="stmt"/>
        <line num="67" count="8" type="stmt"/>
      </file>
      <file name="FilterSelect.tsx" path="/Users/francescomeli/Projects/bee-beepro-frontend-e2e/history_report/src/components/Filters/FilterSelect.tsx">
        <metrics statements="4" coveredstatements="4" conditionals="2" coveredconditionals="2" methods="2" coveredmethods="2"/>
        <line num="3" count="1" type="stmt"/>
        <line num="20" count="1" type="stmt"/>
        <line num="23" count="15" type="stmt"/>
        <line num="31" count="5" type="stmt"/>
      </file>
      <file name="FilterStepper.tsx" path="/Users/francescomeli/Projects/bee-beepro-frontend-e2e/history_report/src/components/Filters/FilterStepper.tsx">
        <metrics statements="8" coveredstatements="8" conditionals="5" coveredconditionals="5" methods="4" coveredmethods="4"/>
        <line num="3" count="1" type="stmt"/>
        <line num="14" count="1" type="cond" truecount="3" falsecount="0"/>
        <line num="15" count="11" type="stmt"/>
        <line num="16" count="11" type="stmt"/>
        <line num="17" count="11" type="stmt"/>
        <line num="18" count="4" type="stmt"/>
        <line num="19" count="4" type="cond" truecount="2" falsecount="0"/>
        <line num="41" count="11" type="stmt"/>
      </file>
      <file name="FilterText.tsx" path="/Users/francescomeli/Projects/bee-beepro-frontend-e2e/history_report/src/components/Filters/FilterText.tsx">
        <metrics statements="12" coveredstatements="12" conditionals="3" coveredconditionals="3" methods="5" coveredmethods="5"/>
        <line num="3" count="1" type="stmt"/>
        <line num="4" count="1" type="stmt"/>
        <line num="14" count="1" type="cond" truecount="1" falsecount="0"/>
        <line num="15" count="14" type="stmt"/>
        <line num="16" count="14" type="stmt"/>
        <line num="18" count="14" type="stmt"/>
        <line num="20" count="14" type="stmt"/>
        <line num="21" count="4" type="stmt"/>
        <line num="22" count="4" type="cond" truecount="2" falsecount="0"/>
        <line num="23" count="4" type="stmt"/>
        <line num="34" count="4" type="stmt"/>
        <line num="40" count="7" type="stmt"/>
      </file>
      <file name="ReportPicker.tsx" path="/Users/francescomeli/Projects/bee-beepro-frontend-e2e/history_report/src/components/Filters/ReportPicker.tsx">
        <metrics statements="40" coveredstatements="37" conditionals="38" coveredconditionals="32" methods="21" coveredmethods="20"/>
        <line num="3" count="1" type="stmt"/>
        <line num="4" count="1" type="stmt"/>
        <line num="14" count="1" type="stmt"/>
        <line num="16" count="1" type="stmt"/>
        <line num="17" count="19" type="stmt"/>
        <line num="18" count="19" type="stmt"/>
        <line num="20" count="19" type="stmt"/>
        <line num="21" count="11" type="stmt"/>
        <line num="22" count="1" type="cond" truecount="3" falsecount="1"/>
        <line num="24" count="11" type="stmt"/>
        <line num="25" count="11" type="stmt"/>
        <line num="28" count="19" type="stmt"/>
        <line num="29" count="19" type="cond" truecount="2" falsecount="0"/>
        <line num="30" count="19" type="cond" truecount="4" falsecount="0"/>
        <line num="31" count="31" type="cond" truecount="2" falsecount="0"/>
        <line num="32" count="5" type="stmt"/>
        <line num="35" count="19" type="stmt"/>
        <line num="36" count="5" type="stmt"/>
        <line num="37" count="1" type="stmt"/>
        <line num="40" count="19" type="stmt"/>
        <line num="41" count="1" type="cond" truecount="1" falsecount="1"/>
        <line num="42" count="0" type="stmt"/>
        <line num="43" count="0" type="stmt"/>
        <line num="45" count="1" type="cond" truecount="1" falsecount="1"/>
        <line num="46" count="2" type="stmt"/>
        <line num="47" count="1" type="cond" truecount="1" falsecount="1"/>
        <line num="49" count="0" type="stmt"/>
        <line num="53" count="19" type="stmt"/>
        <line num="54" count="19" type="stmt"/>
        <line num="56" count="19" type="cond" truecount="2" falsecount="0"/>
        <line num="67" count="7" type="stmt"/>
        <line num="81" count="42" type="stmt"/>
        <line num="82" count="8" type="stmt"/>
        <line num="86" count="1" type="stmt"/>
        <line num="101" count="49" type="stmt"/>
        <line num="107" count="2" type="cond" truecount="2" falsecount="0"/>
        <line num="109" count="3" type="stmt"/>
        <line num="110" count="3" type="stmt"/>
        <line num="112" count="1" type="stmt"/>
        <line num="128" count="11" type="stmt"/>
      </file>
    </package>
    <package name="components.Loading">
      <metrics statements="2" coveredstatements="2" conditionals="0" coveredconditionals="0" methods="0" coveredmethods="0"/>
      <file name="Loading.tsx" path="/Users/francescomeli/Projects/bee-beepro-frontend-e2e/history_report/src/components/Loading/Loading.tsx">
        <metrics statements="2" coveredstatements="2" conditionals="0" coveredconditionals="0" methods="0" coveredmethods="0"/>
        <line num="3" count="1" type="stmt"/>
        <line num="7" count="1" type="stmt"/>
      </file>
    </package>
    <package name="components.Matrix">
      <metrics statements="25" coveredstatements="25" conditionals="22" coveredconditionals="21" methods="7" coveredmethods="7"/>
      <file name="Matrix.tsx" path="/Users/francescomeli/Projects/bee-beepro-frontend-e2e/history_report/src/components/Matrix/Matrix.tsx">
        <metrics statements="7" coveredstatements="7" conditionals="2" coveredconditionals="2" methods="2" coveredmethods="2"/>
        <line num="3" count="1" type="stmt"/>
        <line num="4" count="1" type="stmt"/>
        <line num="5" count="1" type="stmt"/>
        <line num="14" count="1" type="stmt"/>
        <line num="15" count="5" type="cond" truecount="2" falsecount="0"/>
        <line num="25" count="6" type="stmt"/>
        <line num="36" count="5" type="stmt"/>
      </file>
      <file name="MatrixCell.tsx" path="/Users/francescomeli/Projects/bee-beepro-frontend-e2e/history_report/src/components/Matrix/MatrixCell.tsx">
        <metrics statements="10" coveredstatements="10" conditionals="12" coveredconditionals="12" methods="2" coveredmethods="2"/>
        <line num="3" count="3" type="stmt"/>
        <line num="12" count="3" type="stmt"/>
        <line num="13" count="26" type="cond" truecount="2" falsecount="0"/>
        <line num="14" count="21" type="cond" truecount="2" falsecount="0"/>
        <line num="15" count="20" type="cond" truecount="2" falsecount="0"/>
        <line num="16" count="19" type="stmt"/>
        <line num="19" count="3" type="stmt"/>
        <line num="20" count="44" type="cond" truecount="2" falsecount="0"/>
        <line num="27" count="26" type="stmt"/>
        <line num="39" count="44" type="stmt"/>
      </file>
      <file name="MatrixHeader.tsx" path="/Users/francescomeli/Projects/bee-beepro-frontend-e2e/history_report/src/components/Matrix/MatrixHeader.tsx">
        <metrics statements="3" coveredstatements="3" conditionals="0" coveredconditionals="0" methods="1" coveredmethods="1"/>
        <line num="3" count="2" type="stmt"/>
        <line num="15" count="13" type="stmt"/>
        <line num="24" count="8" type="stmt"/>
      </file>
      <file name="MatrixRow.tsx" path="/Users/francescomeli/Projects/bee-beepro-frontend-e2e/history_report/src/components/Matrix/MatrixRow.tsx">
        <metrics statements="5" coveredstatements="5" conditionals="8" coveredconditionals="7" methods="2" coveredmethods="2"/>
        <line num="3" count="2" type="stmt"/>
        <line num="4" count="2" type="stmt"/>
        <line num="24" count="33" type="stmt"/>
        <line num="28" count="2" type="cond" truecount="4" falsecount="0"/>
        <line num="34" count="13" type="stmt"/>
      </file>
    </package>
    <package name="components.ReportDrawer">
      <metrics statements="10" coveredstatements="10" conditionals="6" coveredconditionals="5" methods="4" coveredmethods="4"/>
      <file name="ReportDrawer.tsx" path="/Users/francescomeli/Projects/bee-beepro-frontend-e2e/history_report/src/components/ReportDrawer/ReportDrawer.tsx">
        <metrics statements="10" coveredstatements="10" conditionals="6" coveredconditionals="5" methods="4" coveredmethods="4"/>
        <line num="3" count="1" type="stmt"/>
        <line num="4" count="1" type="stmt"/>
        <line num="11" count="1" type="stmt"/>
        <line num="12" count="7" type="stmt"/>
        <line num="13" count="7" type="stmt"/>
        <line num="14" count="1" type="cond" truecount="1" falsecount="1"/>
        <line num="16" count="7" type="cond" truecount="2" falsecount="0"/>
        <line num="17" count="7" type="stmt"/>
        <line num="20" count="7" type="cond" truecount="2" falsecount="0"/>
        <line num="40" count="7" type="stmt"/>
      </file>
    </package>
    <package name="components.Stats">
      <metrics statements="14" coveredstatements="14" conditionals="26" coveredconditionals="26" methods="1" coveredmethods="1"/>
      <file name="StatCard.tsx" path="/Users/francescomeli/Projects/bee-beepro-frontend-e2e/history_report/src/components/Stats/StatCard.tsx">
        <metrics statements="2" coveredstatements="2" conditionals="2" coveredconditionals="2" methods="0" coveredmethods="0"/>
        <line num="3" count="2" type="stmt"/>
        <line num="29" count="49" type="stmt"/>
      </file>
      <file name="Stats.tsx" path="/Users/francescomeli/Projects/bee-beepro-frontend-e2e/history_report/src/components/Stats/Stats.tsx">
        <metrics statements="12" coveredstatements="12" conditionals="24" coveredconditionals="24" methods="1" coveredmethods="1"/>
        <line num="3" count="1" type="stmt"/>
        <line num="4" count="1" type="stmt"/>
        <line num="9" count="1" type="stmt"/>
        <line num="10" count="6" type="cond" truecount="2" falsecount="0"/>
        <line num="11" count="6" type="cond" truecount="2" falsecount="0"/>
        <line num="12" count="6" type="stmt"/>
        <line num="13" count="6" type="cond" truecount="2" falsecount="0"/>
        <line num="14" count="6" type="cond" truecount="2" falsecount="0"/>
        <line num="15" count="6" type="cond" truecount="2" falsecount="0"/>
        <line num="16" count="6" type="cond" truecount="2" falsecount="0"/>
        <line num="17" count="6" type="cond" truecount="2" falsecount="0"/>
        <line num="42" count="6" type="stmt"/>
      </file>
    </package>
    <package name="hooks">
      <metrics statements="15" coveredstatements="15" conditionals="4" coveredconditionals="4" methods="3" coveredmethods="3"/>
      <file name="usePersistedState.ts" path="/Users/francescomeli/Projects/bee-beepro-frontend-e2e/history_report/src/hooks/usePersistedState.ts">
        <metrics statements="15" coveredstatements="15" conditionals="4" coveredconditionals="4" methods="3" coveredmethods="3"/>
        <line num="3" count="1" type="stmt"/>
        <line num="5" count="1" type="stmt"/>
        <line num="7" count="12" type="stmt"/>
        <line num="8" count="12" type="stmt"/>
        <line num="9" count="12" type="stmt"/>
        <line num="11" count="12" type="stmt"/>
        <line num="12" count="5" type="stmt"/>
        <line num="13" count="5" type="stmt"/>
        <line num="14" count="5" type="cond" truecount="2" falsecount="0"/>
        <line num="18" count="5" type="stmt"/>
        <line num="21" count="12" type="stmt"/>
        <line num="22" count="12" type="cond" truecount="2" falsecount="0"/>
        <line num="23" count="7" type="stmt"/>
        <line num="24" count="7" type="stmt"/>
        <line num="30" count="12" type="stmt"/>
      </file>
    </package>
    <package name="lib">
      <metrics statements="40" coveredstatements="40" conditionals="12" coveredconditionals="12" methods="12" coveredmethods="12"/>
      <file name="cache.ts" path="/Users/francescomeli/Projects/bee-beepro-frontend-e2e/history_report/src/lib/cache.ts">
        <metrics statements="24" coveredstatements="24" conditionals="10" coveredconditionals="10" methods="7" coveredmethods="7"/>
        <line num="3" count="7" type="stmt"/>
        <line num="4" count="7" type="stmt"/>
        <line num="6" count="7" type="stmt"/>
        <line num="9" count="10" type="stmt"/>
        <line num="10" count="10" type="cond" truecount="2" falsecount="0"/>
        <line num="11" count="7" type="cond" truecount="2" falsecount="0"/>
        <line num="12" count="3" type="stmt"/>
        <line num="13" count="3" type="stmt"/>
        <line num="15" count="4" type="stmt"/>
        <line num="19" count="7" type="cond" truecount="2" falsecount="0"/>
        <line num="23" count="4" type="stmt"/>
        <line num="24" count="4" type="cond" truecount="2" falsecount="0"/>
        <line num="25" count="3" type="stmt"/>
        <line num="26" count="3" type="stmt"/>
        <line num="27" count="3" type="stmt"/>
        <line num="32" count="15" type="stmt"/>
        <line num="33" count="15" type="stmt"/>
        <line num="36" count="20" type="stmt"/>
        <line num="40" count="16" type="stmt"/>
        <line num="44" count="17" type="stmt"/>
        <line num="45" count="17" type="cond" truecount="2" falsecount="0"/>
        <line num="46" count="15" type="stmt"/>
        <line num="47" count="15" type="stmt"/>
        <line num="48" count="15" type="stmt"/>
      </file>
      <file name="paths.ts" path="/Users/francescomeli/Projects/bee-beepro-frontend-e2e/history_report/src/lib/paths.ts">
        <metrics statements="16" coveredstatements="16" conditionals="2" coveredconditionals="2" methods="5" coveredmethods="5"/>
        <line num="1" count="1" type="stmt"/>
        <line num="3" count="1" type="stmt"/>
        <line num="11" count="2" type="stmt"/>
        <line num="12" count="2" type="stmt"/>
        <line num="13" count="2" type="stmt"/>
        <line num="16" count="3" type="stmt"/>
        <line num="17" count="3" type="stmt"/>
        <line num="18" count="3" type="stmt"/>
        <line num="19" count="3" type="stmt"/>
        <line num="22" count="1" type="stmt"/>
        <line num="24" count="4" type="stmt"/>
        <line num="25" count="4" type="stmt"/>
        <line num="26" count="4" type="cond" truecount="2" falsecount="0"/>
        <line num="27" count="1" type="stmt"/>
        <line num="30" count="4" type="stmt"/>
        <line num="32" count="4" type="stmt"/>
      </file>
    </package>
    <package name="services">
      <metrics statements="74" coveredstatements="74" conditionals="71" coveredconditionals="67" methods="27" coveredmethods="27"/>
      <file name="reportAggregator.ts" path="/Users/francescomeli/Projects/bee-beepro-frontend-e2e/history_report/src/services/reportAggregator.ts">
        <metrics statements="47" coveredstatements="47" conditionals="41" coveredconditionals="37" methods="17" coveredmethods="17"/>
        <line num="1" count="12" type="stmt"/>
        <line num="2" count="12" type="stmt"/>
        <line num="5" count="12" type="stmt"/>
        <line num="7" count="12" type="stmt"/>
        <line num="8" count="14" type="stmt"/>
        <line num="10" count="12" type="stmt"/>
        <line num="11" count="17" type="cond" truecount="1" falsecount="1"/>
        <line num="23" count="12" type="stmt"/>
        <line num="31" count="27" type="cond" truecount="4" falsecount="0"/>
        <line num="32" count="27" type="cond" truecount="3" falsecount="0"/>
        <line num="34" count="27" type="stmt"/>
        <line num="35" count="17" type="cond" truecount="1" falsecount="1"/>
        <line num="36" count="17" type="stmt"/>
        <line num="37" count="17" type="cond" truecount="2" falsecount="0"/>
        <line num="38" count="17" type="stmt"/>
        <line num="40" count="17" type="stmt"/>
        <line num="41" count="17" type="cond" truecount="2" falsecount="0"/>
        <line num="42" count="13" type="stmt"/>
        <line num="49" count="13" type="stmt"/>
        <line num="52" count="17" type="cond" truecount="2" falsecount="0"/>
        <line num="56" count="17" type="stmt"/>
        <line num="58" count="17" type="stmt"/>
        <line num="59" count="17" type="cond" truecount="3" falsecount="1"/>
        <line num="60" count="17" type="stmt"/>
        <line num="64" count="27" type="stmt"/>
        <line num="85" count="12" type="stmt"/>
        <line num="86" count="12" type="stmt"/>
        <line num="87" count="12" type="stmt"/>
        <line num="89" count="12" type="stmt"/>
        <line num="90" count="14" type="stmt"/>
        <line num="93" count="12" type="stmt"/>
        <line num="94" count="14" type="stmt"/>
        <line num="95" count="14" type="stmt"/>
        <line num="104" count="14" type="stmt"/>
        <line num="106" count="12" type="stmt"/>
        <line num="107" count="13" type="stmt"/>
        <line num="109" count="12" type="stmt"/>
        <line num="110" count="15" type="stmt"/>
        <line num="111" count="15" type="cond" truecount="2" falsecount="0"/>
        <line num="112" count="13" type="stmt"/>
        <line num="114" count="15" type="stmt"/>
        <line num="115" count="15" type="stmt"/>
        <line num="116" count="15" type="stmt"/>
        <line num="117" count="15" type="stmt"/>
        <line num="118" count="12" type="cond" truecount="1" falsecount="1"/>
        <line num="119" count="12" type="stmt"/>
        <line num="133" count="12" type="stmt"/>
      </file>
      <file name="reportsService.ts" path="/Users/francescomeli/Projects/bee-beepro-frontend-e2e/history_report/src/services/reportsService.ts">
        <metrics statements="27" coveredstatements="27" conditionals="30" coveredconditionals="30" methods="10" coveredmethods="10"/>
        <line num="1" count="1" type="stmt"/>
        <line num="2" count="1" type="stmt"/>
        <line num="3" count="1" type="stmt"/>
        <line num="6" count="1" type="stmt"/>
        <line num="7" count="12" type="cond" truecount="2" falsecount="0"/>
        <line num="8" count="4" type="stmt"/>
        <line num="9" count="4" type="cond" truecount="2" falsecount="0"/>
        <line num="12" count="1" type="stmt"/>
        <line num="13" count="10" type="cond" truecount="4" falsecount="0"/>
        <line num="14" count="2" type="stmt"/>
        <line num="17" count="7" type="stmt"/>
        <line num="18" count="7" type="stmt"/>
        <line num="25" count="7" type="stmt"/>
        <line num="26" count="7" type="stmt"/>
        <line num="27" count="7" type="stmt"/>
        <line num="29" count="7" type="stmt"/>
        <line num="30" count="12" type="stmt"/>
        <line num="31" count="10" type="stmt"/>
        <line num="32" count="5" type="cond" truecount="2" falsecount="0"/>
        <line num="34" count="9" type="stmt"/>
        <line num="35" count="9" type="stmt"/>
        <line num="38" count="7" type="stmt"/>
        <line num="40" count="12" type="stmt"/>
        <line num="41" count="12" type="stmt"/>
        <line num="52" count="7" type="stmt"/>
        <line num="54" count="12" type="stmt"/>
        <line num="55" count="12" type="stmt"/>
      </file>
    </package>
  </project>
</coverage>
