{"/Users/francescomeli/Projects/bee-beepro-frontend-e2e/history_report/src/__tests__/fixtures.ts": {"path":"/Users/francescomeli/Projects/bee-beepro-frontend-e2e/history_report/src/__tests__/fixtures.ts","statementMap":{"0":{"start":{"line":3,"column":13},"end":{"line":3,"column":24}},"1":{"start":{"line":9,"column":13},"end":{"line":9,"column":26}},"2":{"start":{"line":30,"column":13},"end":{"line":30,"column":35}},"3":{"start":{"line":16,"column":13},"end":{"line":16,"column":23}},"4":{"start":{"line":3,"column":24},"end":{"line":7,"column":null}},"5":{"start":{"line":3,"column":91},"end":{"line":7,"column":null}},"6":{"start":{"line":9,"column":26},"end":{"line":14,"column":null}},"7":{"start":{"line":9,"column":56},"end":{"line":14,"column":null}},"8":{"start":{"line":16,"column":23},"end":{"line":28,"column":null}},"9":{"start":{"line":16,"column":67},"end":{"line":28,"column":null}},"10":{"start":{"line":30,"column":35},"end":{"line":48,"column":null}},"11":{"start":{"line":30,"column":95},"end":{"line":48,"column":null}}},"fnMap":{"0":{"name":"(anonymous_5)","decl":{"start":{"line":3,"column":24},"end":{"line":3,"column":25}},"loc":{"start":{"line":3,"column":91},"end":{"line":7,"column":null}}},"1":{"name":"(anonymous_6)","decl":{"start":{"line":9,"column":26},"end":{"line":9,"column":27}},"loc":{"start":{"line":9,"column":56},"end":{"line":14,"column":null}}},"2":{"name":"(anonymous_7)","decl":{"start":{"line":16,"column":23},"end":{"line":16,"column":24}},"loc":{"start":{"line":16,"column":67},"end":{"line":28,"column":null}}},"3":{"name":"(anonymous_8)","decl":{"start":{"line":30,"column":35},"end":{"line":30,"column":36}},"loc":{"start":{"line":30,"column":95},"end":{"line":48,"column":null}}}},"branchMap":{},"s":{"0":40,"1":14,"2":0,"3":31,"4":5,"5":133,"6":5,"7":14,"8":5,"9":31,"10":5,"11":0},"f":{"0":133,"1":14,"2":31,"3":0},"b":{}}
,"/Users/francescomeli/Projects/bee-beepro-frontend-e2e/history_report/src/components/ErrorMessage/ErrorMessage.tsx": {"path":"/Users/francescomeli/Projects/bee-beepro-frontend-e2e/history_report/src/components/ErrorMessage/ErrorMessage.tsx","statementMap":{"0":{"start":{"line":14,"column":0},"end":{"line":14,"column":15}},"1":{"start":{"line":3,"column":19},"end":{"line":3,"column":null}},"2":{"start":{"line":14,"column":15},"end":{"line":14,"column":null}}},"fnMap":{},"branchMap":{},"s":{"0":2,"1":1,"2":1},"f":{},"b":{}}
,"/Users/francescomeli/Projects/bee-beepro-frontend-e2e/history_report/src/components/Filters/FilterMultiSelect.tsx": {"path":"/Users/francescomeli/Projects/bee-beepro-frontend-e2e/history_report/src/components/Filters/FilterMultiSelect.tsx","statementMap":{"0":{"start":{"line":67,"column":0},"end":{"line":67,"column":15}},"1":{"start":{"line":3,"column":44},"end":{"line":3,"column":null}},"2":{"start":{"line":4,"column":19},"end":{"line":4,"column":null}},"3":{"start":{"line":13,"column":26},"end":{"line":65,"column":null}},"4":{"start":{"line":14,"column":26},"end":{"line":14,"column":null}},"5":{"start":{"line":15,"column":14},"end":{"line":15,"column":null}},"6":{"start":{"line":17,"column":2},"end":{"line":23,"column":null}},"7":{"start":{"line":18,"column":24},"end":{"line":20,"column":null}},"8":{"start":{"line":19,"column":6},"end":{"line":19,"column":null}},"9":{"start":{"line":19,"column":66},"end":{"line":19,"column":null}},"10":{"start":{"line":21,"column":4},"end":{"line":21,"column":null}},"11":{"start":{"line":22,"column":4},"end":{"line":22,"column":null}},"12":{"start":{"line":22,"column":17},"end":{"line":22,"column":null}},"13":{"start":{"line":25,"column":17},"end":{"line":29,"column":null}},"14":{"start":{"line":26,"column":4},"end":{"line":27,"column":null}},"15":{"start":{"line":27,"column":50},"end":{"line":27,"column":63}},"16":{"start":{"line":31,"column":18},"end":{"line":31,"column":75}},"17":{"start":{"line":36,"column":70},"end":{"line":36,"column":null}},"18":{"start":{"line":43,"column":74},"end":{"line":43,"column":88}},"19":{"start":{"line":49,"column":14},"end":{"line":49,"column":28}},"20":{"start":{"line":54,"column":36},"end":{"line":54,"column":null}},"21":{"start":{"line":67,"column":15},"end":{"line":67,"column":null}}},"fnMap":{"0":{"name":"(anonymous_2)","decl":{"start":{"line":13,"column":26},"end":{"line":13,"column":27}},"loc":{"start":{"line":13,"column":70},"end":{"line":65,"column":null}}},"1":{"name":"(anonymous_3)","decl":{"start":{"line":17,"column":12},"end":{"line":17,"column":null}},"loc":{"start":{"line":17,"column":12},"end":{"line":23,"column":5}}},"2":{"name":"(anonymous_4)","decl":{"start":{"line":18,"column":24},"end":{"line":18,"column":25}},"loc":{"start":{"line":18,"column":25},"end":{"line":20,"column":null}}},"3":{"name":"(anonymous_5)","decl":{"start":{"line":22,"column":11},"end":{"line":22,"column":17}},"loc":{"start":{"line":22,"column":17},"end":{"line":22,"column":null}}},"4":{"name":"(anonymous_6)","decl":{"start":{"line":25,"column":17},"end":{"line":25,"column":18}},"loc":{"start":{"line":25,"column":18},"end":{"line":29,"column":null}}},"5":{"name":"(anonymous_7)","decl":{"start":{"line":27,"column":43},"end":{"line":27,"column":44}},"loc":{"start":{"line":27,"column":50},"end":{"line":27,"column":63}}},"6":{"name":"(anonymous_8)","decl":{"start":{"line":36,"column":64},"end":{"line":36,"column":70}},"loc":{"start":{"line":36,"column":70},"end":{"line":36,"column":null}}},"7":{"name":"(anonymous_9)","decl":{"start":{"line":43,"column":68},"end":{"line":43,"column":74}},"loc":{"start":{"line":43,"column":74},"end":{"line":43,"column":88}}},"8":{"name":"(anonymous_10)","decl":{"start":{"line":48,"column":25},"end":{"line":48,"column":26}},"loc":{"start":{"line":49,"column":14},"end":{"line":49,"column":28}}},"9":{"name":"(anonymous_11)","decl":{"start":{"line":54,"column":30},"end":{"line":54,"column":36}},"loc":{"start":{"line":54,"column":36},"end":{"line":54,"column":null}}}},"branchMap":{"0":{"loc":{"start":{"line":19,"column":6},"end":{"line":19,"column":null}},"type":"if","locations":[{"start":{"line":19,"column":6},"end":{"line":19,"column":null}},{"start":{},"end":{}}]},"1":{"loc":{"start":{"line":19,"column":10},"end":{"line":19,"column":66}},"type":"binary-expr","locations":[{"start":{"line":19,"column":10},"end":{"line":19,"column":21}},{"start":{"line":19,"column":25},"end":{"line":19,"column":66}}]},"2":{"loc":{"start":{"line":27,"column":6},"end":{"line":27,"column":null}},"type":"cond-expr","locations":[{"start":{"line":27,"column":29},"end":{"line":27,"column":63}},{"start":{"line":27,"column":63},"end":{"line":27,"column":null}}]},"3":{"loc":{"start":{"line":31,"column":18},"end":{"line":31,"column":75}},"type":"cond-expr","locations":[{"start":{"line":31,"column":40},"end":{"line":31,"column":48}},{"start":{"line":31,"column":48},"end":{"line":31,"column":75}}]},"4":{"loc":{"start":{"line":38,"column":42},"end":{"line":38,"column":null}},"type":"cond-expr","locations":[{"start":{"line":38,"column":49},"end":{"line":38,"column":55}},{"start":{"line":38,"column":55},"end":{"line":38,"column":null}}]},"5":{"loc":{"start":{"line":40,"column":7},"end":{"line":40,"column":null}},"type":"binary-expr","locations":[{"start":{"line":40,"column":7},"end":{"line":40,"column":null}}]},"6":{"loc":{"start":{"line":42,"column":11},"end":{"line":42,"column":null}},"type":"binary-expr","locations":[{"start":{"line":42,"column":11},"end":{"line":42,"column":null}}]}},"s":{"0":8,"1":1,"2":1,"3":1,"4":14,"5":14,"6":14,"7":8,"8":1,"9":1,"10":8,"11":8,"12":8,"13":14,"14":2,"15":2,"16":14,"17":5,"18":1,"19":15,"20":2,"21":1},"f":{"0":14,"1":8,"2":1,"3":8,"4":2,"5":2,"6":5,"7":1,"8":15,"9":2},"b":{"0":[1,0],"1":[1,1],"2":[1,1],"3":[7,7],"4":[5,9],"5":[14],"6":[5]}}
,"/Users/francescomeli/Projects/bee-beepro-frontend-e2e/history_report/src/components/Filters/FilterSelect.tsx": {"path":"/Users/francescomeli/Projects/bee-beepro-frontend-e2e/history_report/src/components/Filters/FilterSelect.tsx","statementMap":{"0":{"start":{"line":31,"column":0},"end":{"line":31,"column":15}},"1":{"start":{"line":3,"column":19},"end":{"line":3,"column":null}},"2":{"start":{"line":20,"column":27},"end":{"line":20,"column":null}},"3":{"start":{"line":23,"column":8},"end":{"line":23,"column":32}},"4":{"start":{"line":31,"column":15},"end":{"line":31,"column":null}}},"fnMap":{"0":{"name":"(anonymous_3)","decl":{"start":{"line":20,"column":16},"end":{"line":20,"column":17}},"loc":{"start":{"line":20,"column":27},"end":{"line":20,"column":null}}},"1":{"name":"(anonymous_4)","decl":{"start":{"line":22,"column":19},"end":{"line":22,"column":20}},"loc":{"start":{"line":23,"column":8},"end":{"line":23,"column":32}}}},"branchMap":{"0":{"loc":{"start":{"line":24,"column":22},"end":{"line":24,"column":null}},"type":"cond-expr","locations":[{"start":{"line":24,"column":37},"end":{"line":24,"column":48}},{"start":{"line":24,"column":48},"end":{"line":24,"column":null}}]}},"s":{"0":5,"1":1,"2":1,"3":15,"4":1},"f":{"0":1,"1":15},"b":{"0":[5,10]}}
,"/Users/francescomeli/Projects/bee-beepro-frontend-e2e/history_report/src/components/Filters/FilterStepper.tsx": {"path":"/Users/francescomeli/Projects/bee-beepro-frontend-e2e/history_report/src/components/Filters/FilterStepper.tsx","statementMap":{"0":{"start":{"line":41,"column":0},"end":{"line":41,"column":15}},"1":{"start":{"line":3,"column":19},"end":{"line":3,"column":null}},"2":{"start":{"line":14,"column":22},"end":{"line":39,"column":null}},"3":{"start":{"line":15,"column":20},"end":{"line":15,"column":null}},"4":{"start":{"line":15,"column":26},"end":{"line":15,"column":null}},"5":{"start":{"line":16,"column":20},"end":{"line":16,"column":null}},"6":{"start":{"line":16,"column":26},"end":{"line":16,"column":null}},"7":{"start":{"line":17,"column":22},"end":{"line":20,"column":null}},"8":{"start":{"line":18,"column":14},"end":{"line":18,"column":null}},"9":{"start":{"line":19,"column":4},"end":{"line":19,"column":null}},"10":{"start":{"line":19,"column":19},"end":{"line":19,"column":null}},"11":{"start":{"line":41,"column":15},"end":{"line":41,"column":null}}},"fnMap":{"0":{"name":"(anonymous_2)","decl":{"start":{"line":14,"column":22},"end":{"line":14,"column":23}},"loc":{"start":{"line":14,"column":86},"end":{"line":39,"column":null}}},"1":{"name":"(anonymous_3)","decl":{"start":{"line":15,"column":20},"end":{"line":15,"column":26}},"loc":{"start":{"line":15,"column":26},"end":{"line":15,"column":null}}},"2":{"name":"(anonymous_4)","decl":{"start":{"line":16,"column":20},"end":{"line":16,"column":26}},"loc":{"start":{"line":16,"column":26},"end":{"line":16,"column":null}}},"3":{"name":"(anonymous_5)","decl":{"start":{"line":17,"column":22},"end":{"line":17,"column":23}},"loc":{"start":{"line":17,"column":23},"end":{"line":20,"column":null}}}},"branchMap":{"0":{"loc":{"start":{"line":14,"column":39},"end":{"line":14,"column":46}},"type":"default-arg","locations":[{"start":{"line":14,"column":45},"end":{"line":14,"column":46}}]},"1":{"loc":{"start":{"line":14,"column":48},"end":{"line":14,"column":57}},"type":"default-arg","locations":[{"start":{"line":14,"column":54},"end":{"line":14,"column":57}}]},"2":{"loc":{"start":{"line":14,"column":59},"end":{"line":14,"column":67}},"type":"default-arg","locations":[{"start":{"line":14,"column":66},"end":{"line":14,"column":67}}]},"3":{"loc":{"start":{"line":19,"column":4},"end":{"line":19,"column":null}},"type":"if","locations":[{"start":{"line":19,"column":4},"end":{"line":19,"column":null}},{"start":{},"end":{}}]}},"s":{"0":11,"1":1,"2":1,"3":11,"4":2,"5":11,"6":2,"7":11,"8":4,"9":4,"10":3,"11":1},"f":{"0":11,"1":2,"2":2,"3":4},"b":{"0":[5],"1":[5],"2":[7],"3":[3,1]}}
,"/Users/francescomeli/Projects/bee-beepro-frontend-e2e/history_report/src/components/Filters/FilterText.tsx": {"path":"/Users/francescomeli/Projects/bee-beepro-frontend-e2e/history_report/src/components/Filters/FilterText.tsx","statementMap":{"0":{"start":{"line":40,"column":0},"end":{"line":40,"column":15}},"1":{"start":{"line":3,"column":44},"end":{"line":3,"column":null}},"2":{"start":{"line":4,"column":19},"end":{"line":4,"column":null}},"3":{"start":{"line":14,"column":19},"end":{"line":38,"column":null}},"4":{"start":{"line":15,"column":28},"end":{"line":15,"column":null}},"5":{"start":{"line":16,"column":21},"end":{"line":16,"column":null}},"6":{"start":{"line":18,"column":2},"end":{"line":18,"column":null}},"7":{"start":{"line":18,"column":20},"end":{"line":18,"column":36}},"8":{"start":{"line":20,"column":23},"end":{"line":24,"column":null}},"9":{"start":{"line":21,"column":4},"end":{"line":21,"column":null}},"10":{"start":{"line":22,"column":4},"end":{"line":22,"column":null}},"11":{"start":{"line":22,"column":28},"end":{"line":22,"column":null}},"12":{"start":{"line":23,"column":4},"end":{"line":23,"column":null}},"13":{"start":{"line":23,"column":42},"end":{"line":23,"column":55}},"14":{"start":{"line":34,"column":29},"end":{"line":34,"column":null}},"15":{"start":{"line":40,"column":15},"end":{"line":40,"column":null}}},"fnMap":{"0":{"name":"(anonymous_2)","decl":{"start":{"line":14,"column":19},"end":{"line":14,"column":20}},"loc":{"start":{"line":14,"column":84},"end":{"line":38,"column":null}}},"1":{"name":"(anonymous_3)","decl":{"start":{"line":18,"column":12},"end":{"line":18,"column":20}},"loc":{"start":{"line":18,"column":12},"end":{"line":18,"column":39}}},"2":{"name":"(anonymous_4)","decl":{"start":{"line":20,"column":23},"end":{"line":20,"column":24}},"loc":{"start":{"line":20,"column":24},"end":{"line":24,"column":null}}},"3":{"name":"(anonymous_5)","decl":{"start":{"line":23,"column":36},"end":{"line":23,"column":42}},"loc":{"start":{"line":23,"column":42},"end":{"line":23,"column":55}}},"4":{"name":"(anonymous_6)","decl":{"start":{"line":34,"column":18},"end":{"line":34,"column":19}},"loc":{"start":{"line":34,"column":29},"end":{"line":34,"column":null}}}},"branchMap":{"0":{"loc":{"start":{"line":14,"column":59},"end":{"line":14,"column":75}},"type":"default-arg","locations":[{"start":{"line":14,"column":72},"end":{"line":14,"column":75}}]},"1":{"loc":{"start":{"line":22,"column":4},"end":{"line":22,"column":null}},"type":"if","locations":[{"start":{"line":22,"column":4},"end":{"line":22,"column":null}},{"start":{},"end":{}}]}},"s":{"0":7,"1":1,"2":1,"3":1,"4":14,"5":14,"6":14,"7":7,"8":14,"9":4,"10":4,"11":2,"12":4,"13":1,"14":4,"15":1},"f":{"0":14,"1":7,"2":4,"3":1,"4":4},"b":{"0":[6],"1":[2,2]}}
,"/Users/francescomeli/Projects/bee-beepro-frontend-e2e/history_report/src/components/Filters/ReportPicker.tsx": {"path":"/Users/francescomeli/Projects/bee-beepro-frontend-e2e/history_report/src/components/Filters/ReportPicker.tsx","statementMap":{"0":{"start":{"line":128,"column":0},"end":{"line":128,"column":15}},"1":{"start":{"line":3,"column":44},"end":{"line":3,"column":null}},"2":{"start":{"line":4,"column":19},"end":{"line":4,"column":null}},"3":{"start":{"line":14,"column":22},"end":{"line":14,"column":null}},"4":{"start":{"line":16,"column":21},"end":{"line":126,"column":null}},"5":{"start":{"line":17,"column":26},"end":{"line":17,"column":null}},"6":{"start":{"line":18,"column":14},"end":{"line":18,"column":null}},"7":{"start":{"line":20,"column":2},"end":{"line":26,"column":null}},"8":{"start":{"line":21,"column":24},"end":{"line":23,"column":null}},"9":{"start":{"line":22,"column":6},"end":{"line":22,"column":null}},"10":{"start":{"line":22,"column":66},"end":{"line":22,"column":null}},"11":{"start":{"line":24,"column":4},"end":{"line":24,"column":null}},"12":{"start":{"line":25,"column":4},"end":{"line":25,"column":null}},"13":{"start":{"line":25,"column":17},"end":{"line":25,"column":null}},"14":{"start":{"line":28,"column":22},"end":{"line":28,"column":null}},"15":{"start":{"line":29,"column":23},"end":{"line":29,"column":null}},"16":{"start":{"line":30,"column":22},"end":{"line":33,"column":null}},"17":{"start":{"line":31,"column":4},"end":{"line":31,"column":null}},"18":{"start":{"line":31,"column":64},"end":{"line":31,"column":null}},"19":{"start":{"line":32,"column":4},"end":{"line":32,"column":null}},"20":{"start":{"line":32,"column":42},"end":{"line":32,"column":null}},"21":{"start":{"line":35,"column":22},"end":{"line":38,"column":null}},"22":{"start":{"line":36,"column":20},"end":{"line":36,"column":null}},"23":{"start":{"line":36,"column":82},"end":{"line":36,"column":null}},"24":{"start":{"line":37,"column":4},"end":{"line":37,"column":null}},"25":{"start":{"line":40,"column":22},"end":{"line":51,"column":null}},"26":{"start":{"line":41,"column":4},"end":{"line":44,"column":null}},"27":{"start":{"line":42,"column":6},"end":{"line":42,"column":null}},"28":{"start":{"line":43,"column":6},"end":{"line":43,"column":null}},"29":{"start":{"line":45,"column":4},"end":{"line":50,"column":null}},"30":{"start":{"line":46,"column":19},"end":{"line":46,"column":null}},"31":{"start":{"line":46,"column":49},"end":{"line":46,"column":null}},"32":{"start":{"line":47,"column":6},"end":{"line":47,"column":null}},"33":{"start":{"line":49,"column":6},"end":{"line":49,"column":null}},"34":{"start":{"line":49,"column":56},"end":{"line":49,"column":null}},"35":{"start":{"line":53,"column":20},"end":{"line":53,"column":null}},"36":{"start":{"line":53,"column":26},"end":{"line":53,"column":null}},"37":{"start":{"line":54,"column":21},"end":{"line":54,"column":null}},"38":{"start":{"line":54,"column":27},"end":{"line":54,"column":null}},"39":{"start":{"line":56,"column":18},"end":{"line":62,"column":46}},"40":{"start":{"line":67,"column":70},"end":{"line":67,"column":null}},"41":{"start":{"line":81,"column":41},"end":{"line":81,"column":60}},"42":{"start":{"line":82,"column":14},"end":{"line":83,"column":null}},"43":{"start":{"line":86,"column":31},"end":{"line":86,"column":null}},"44":{"start":{"line":101,"column":14},"end":{"line":101,"column":40}},"45":{"start":{"line":107,"column":22},"end":{"line":113,"column":null}},"46":{"start":{"line":109,"column":36},"end":{"line":109,"column":null}},"47":{"start":{"line":109,"column":85},"end":{"line":109,"column":null}},"48":{"start":{"line":110,"column":24},"end":{"line":110,"column":null}},"49":{"start":{"line":110,"column":51},"end":{"line":110,"column":null}},"50":{"start":{"line":112,"column":24},"end":{"line":112,"column":null}},"51":{"start":{"line":128,"column":15},"end":{"line":128,"column":null}}},"fnMap":{"0":{"name":"(anonymous_2)","decl":{"start":{"line":16,"column":21},"end":{"line":16,"column":22}},"loc":{"start":{"line":16,"column":67},"end":{"line":126,"column":null}}},"1":{"name":"(anonymous_3)","decl":{"start":{"line":20,"column":12},"end":{"line":20,"column":null}},"loc":{"start":{"line":20,"column":12},"end":{"line":26,"column":5}}},"2":{"name":"(anonymous_4)","decl":{"start":{"line":21,"column":24},"end":{"line":21,"column":25}},"loc":{"start":{"line":21,"column":25},"end":{"line":23,"column":null}}},"3":{"name":"(anonymous_5)","decl":{"start":{"line":25,"column":11},"end":{"line":25,"column":17}},"loc":{"start":{"line":25,"column":17},"end":{"line":25,"column":null}}},"4":{"name":"(anonymous_6)","decl":{"start":{"line":30,"column":75},"end":{"line":30,"column":76}},"loc":{"start":{"line":30,"column":76},"end":{"line":33,"column":7}}},"5":{"name":"(anonymous_7)","decl":{"start":{"line":32,"column":33},"end":{"line":32,"column":34}},"loc":{"start":{"line":32,"column":42},"end":{"line":32,"column":null}}},"6":{"name":"(anonymous_8)","decl":{"start":{"line":35,"column":22},"end":{"line":35,"column":23}},"loc":{"start":{"line":35,"column":23},"end":{"line":38,"column":null}}},"7":{"name":"(anonymous_9)","decl":{"start":{"line":36,"column":72},"end":{"line":36,"column":73}},"loc":{"start":{"line":36,"column":82},"end":{"line":36,"column":null}}},"8":{"name":"(anonymous_10)","decl":{"start":{"line":40,"column":22},"end":{"line":40,"column":23}},"loc":{"start":{"line":40,"column":23},"end":{"line":51,"column":null}}},"9":{"name":"(anonymous_11)","decl":{"start":{"line":46,"column":42},"end":{"line":46,"column":43}},"loc":{"start":{"line":46,"column":49},"end":{"line":46,"column":null}}},"10":{"name":"(anonymous_12)","decl":{"start":{"line":49,"column":46},"end":{"line":49,"column":47}},"loc":{"start":{"line":49,"column":56},"end":{"line":49,"column":null}}},"11":{"name":"(anonymous_13)","decl":{"start":{"line":53,"column":20},"end":{"line":53,"column":26}},"loc":{"start":{"line":53,"column":26},"end":{"line":53,"column":null}}},"12":{"name":"(anonymous_14)","decl":{"start":{"line":54,"column":21},"end":{"line":54,"column":27}},"loc":{"start":{"line":54,"column":27},"end":{"line":54,"column":null}}},"13":{"name":"(anonymous_15)","decl":{"start":{"line":67,"column":64},"end":{"line":67,"column":70}},"loc":{"start":{"line":67,"column":70},"end":{"line":67,"column":null}}},"14":{"name":"(anonymous_16)","decl":{"start":{"line":81,"column":34},"end":{"line":81,"column":35}},"loc":{"start":{"line":81,"column":41},"end":{"line":81,"column":60}}},"15":{"name":"(anonymous_17)","decl":{"start":{"line":81,"column":66},"end":{"line":81,"column":67}},"loc":{"start":{"line":82,"column":14},"end":{"line":83,"column":null}}},"16":{"name":"(anonymous_18)","decl":{"start":{"line":86,"column":25},"end":{"line":86,"column":31}},"loc":{"start":{"line":86,"column":31},"end":{"line":86,"column":null}}},"17":{"name":"(anonymous_19)","decl":{"start":{"line":100,"column":25},"end":{"line":100,"column":26}},"loc":{"start":{"line":101,"column":14},"end":{"line":101,"column":40}}},"18":{"name":"(anonymous_20)","decl":{"start":{"line":106,"column":30},"end":{"line":106,"column":null}},"loc":{"start":{"line":106,"column":30},"end":{"line":114,"column":null}}},"19":{"name":"(anonymous_21)","decl":{"start":{"line":109,"column":75},"end":{"line":109,"column":76}},"loc":{"start":{"line":109,"column":85},"end":{"line":109,"column":null}}},"20":{"name":"(anonymous_22)","decl":{"start":{"line":110,"column":44},"end":{"line":110,"column":45}},"loc":{"start":{"line":110,"column":51},"end":{"line":110,"column":null}}}},"branchMap":{"0":{"loc":{"start":{"line":22,"column":6},"end":{"line":22,"column":null}},"type":"if","locations":[{"start":{"line":22,"column":6},"end":{"line":22,"column":null}},{"start":{},"end":{}}]},"1":{"loc":{"start":{"line":22,"column":10},"end":{"line":22,"column":66}},"type":"binary-expr","locations":[{"start":{"line":22,"column":10},"end":{"line":22,"column":21}},{"start":{"line":22,"column":25},"end":{"line":22,"column":66}}]},"2":{"loc":{"start":{"line":29,"column":23},"end":{"line":29,"column":null}},"type":"binary-expr","locations":[{"start":{"line":29,"column":23},"end":{"line":29,"column":55}},{"start":{"line":29,"column":55},"end":{"line":29,"column":null}}]},"3":{"loc":{"start":{"line":30,"column":22},"end":{"line":33,"column":null}},"type":"cond-expr","locations":[{"start":{"line":30,"column":56},"end":{"line":33,"column":7}},{"start":{"line":33,"column":7},"end":{"line":33,"column":null}}]},"4":{"loc":{"start":{"line":30,"column":22},"end":{"line":30,"column":56}},"type":"binary-expr","locations":[{"start":{"line":30,"column":22},"end":{"line":30,"column":40}},{"start":{"line":30,"column":40},"end":{"line":30,"column":56}}]},"5":{"loc":{"start":{"line":31,"column":4},"end":{"line":31,"column":null}},"type":"if","locations":[{"start":{"line":31,"column":4},"end":{"line":31,"column":null}},{"start":{},"end":{}}]},"6":{"loc":{"start":{"line":41,"column":4},"end":{"line":44,"column":null}},"type":"if","locations":[{"start":{"line":41,"column":4},"end":{"line":44,"column":null}},{"start":{},"end":{}}]},"7":{"loc":{"start":{"line":45,"column":4},"end":{"line":50,"column":null}},"type":"if","locations":[{"start":{"line":45,"column":4},"end":{"line":50,"column":null}},{"start":{"line":48,"column":11},"end":{"line":50,"column":null}}]},"8":{"loc":{"start":{"line":47,"column":15},"end":{"line":47,"column":null}},"type":"cond-expr","locations":[{"start":{"line":47,"column":35},"end":{"line":47,"column":42}},{"start":{"line":47,"column":42},"end":{"line":47,"column":null}}]},"9":{"loc":{"start":{"line":56,"column":18},"end":{"line":62,"column":46}},"type":"cond-expr","locations":[{"start":{"line":57,"column":6},"end":{"line":57,"column":null}},{"start":{"line":58,"column":6},"end":{"line":62,"column":46}}]},"10":{"loc":{"start":{"line":58,"column":6},"end":{"line":62,"column":46}},"type":"cond-expr","locations":[{"start":{"line":59,"column":8},"end":{"line":59,"column":33}},{"start":{"line":60,"column":8},"end":{"line":62,"column":46}}]},"11":{"loc":{"start":{"line":60,"column":8},"end":{"line":62,"column":46}},"type":"cond-expr","locations":[{"start":{"line":61,"column":10},"end":{"line":61,"column":31}},{"start":{"line":62,"column":10},"end":{"line":62,"column":46}}]},"12":{"loc":{"start":{"line":69,"column":42},"end":{"line":69,"column":null}},"type":"cond-expr","locations":[{"start":{"line":69,"column":49},"end":{"line":69,"column":55}},{"start":{"line":69,"column":55},"end":{"line":69,"column":null}}]},"13":{"loc":{"start":{"line":71,"column":7},"end":{"line":71,"column":null}},"type":"binary-expr","locations":[{"start":{"line":71,"column":7},"end":{"line":71,"column":null}}]},"14":{"loc":{"start":{"line":76,"column":47},"end":{"line":76,"column":81}},"type":"cond-expr","locations":[{"start":{"line":76,"column":61},"end":{"line":76,"column":74}},{"start":{"line":76,"column":77},"end":{"line":76,"column":81}}]},"15":{"loc":{"start":{"line":85,"column":49},"end":{"line":85,"column":89}},"type":"cond-expr","locations":[{"start":{"line":85,"column":69},"end":{"line":85,"column":82}},{"start":{"line":85,"column":85},"end":{"line":85,"column":89}}]},"16":{"loc":{"start":{"line":93,"column":47},"end":{"line":93,"column":82}},"type":"cond-expr","locations":[{"start":{"line":93,"column":62},"end":{"line":93,"column":75}},{"start":{"line":93,"column":78},"end":{"line":93,"column":82}}]},"17":{"loc":{"start":{"line":105,"column":29},"end":{"line":105,"column":null}},"type":"binary-expr","locations":[{"start":{"line":105,"column":29},"end":{"line":105,"column":47}},{"start":{"line":105,"column":47},"end":{"line":105,"column":62}},{"start":{"line":105,"column":62},"end":{"line":105,"column":90}}]},"18":{"loc":{"start":{"line":107,"column":22},"end":{"line":113,"column":null}},"type":"if","locations":[{"start":{"line":107,"column":22},"end":{"line":113,"column":null}},{"start":{"line":111,"column":29},"end":{"line":113,"column":null}}]}},"s":{"0":11,"1":1,"2":1,"3":1,"4":1,"5":19,"6":19,"7":19,"8":11,"9":1,"10":1,"11":11,"12":11,"13":11,"14":19,"15":19,"16":19,"17":31,"18":30,"19":1,"20":5,"21":19,"22":1,"23":5,"24":1,"25":19,"26":1,"27":0,"28":0,"29":1,"30":1,"31":2,"32":1,"33":0,"34":0,"35":19,"36":1,"37":19,"38":1,"39":19,"40":7,"41":42,"42":8,"43":1,"44":49,"45":2,"46":1,"47":3,"48":1,"49":3,"50":1,"51":1},"f":{"0":19,"1":11,"2":1,"3":11,"4":31,"5":5,"6":1,"7":5,"8":1,"9":2,"10":0,"11":1,"12":1,"13":7,"14":42,"15":8,"16":1,"17":49,"18":2,"19":3,"20":3},"b":{"0":[1,0],"1":[1,1],"2":[19,1],"3":[6,13],"4":[19,18],"5":[30,1],"6":[0,1],"7":[1,0],"8":[0,1],"9":[1,18],"10":[12,6],"11":[1,5],"12":[7,12],"13":[19],"14":[5,2],"15":[0,8],"16":[0,7],"17":[49,49,13],"18":[1,1]}}
,"/Users/francescomeli/Projects/bee-beepro-frontend-e2e/history_report/src/components/Loading/Loading.tsx": {"path":"/Users/francescomeli/Projects/bee-beepro-frontend-e2e/history_report/src/components/Loading/Loading.tsx","statementMap":{"0":{"start":{"line":7,"column":0},"end":{"line":7,"column":15}},"1":{"start":{"line":3,"column":19},"end":{"line":3,"column":null}},"2":{"start":{"line":7,"column":15},"end":{"line":7,"column":null}}},"fnMap":{},"branchMap":{},"s":{"0":1,"1":1,"2":1},"f":{},"b":{}}
,"/Users/francescomeli/Projects/bee-beepro-frontend-e2e/history_report/src/components/Matrix/Matrix.tsx": {"path":"/Users/francescomeli/Projects/bee-beepro-frontend-e2e/history_report/src/components/Matrix/Matrix.tsx","statementMap":{"0":{"start":{"line":36,"column":0},"end":{"line":36,"column":15}},"1":{"start":{"line":3,"column":25},"end":{"line":3,"column":null}},"2":{"start":{"line":4,"column":22},"end":{"line":4,"column":null}},"3":{"start":{"line":5,"column":19},"end":{"line":5,"column":null}},"4":{"start":{"line":14,"column":15},"end":{"line":34,"column":null}},"5":{"start":{"line":15,"column":2},"end":{"line":17,"column":null}},"6":{"start":{"line":25,"column":12},"end":{"line":25,"column":64}},"7":{"start":{"line":36,"column":15},"end":{"line":36,"column":null}}},"fnMap":{"0":{"name":"(anonymous_2)","decl":{"start":{"line":14,"column":15},"end":{"line":14,"column":16}},"loc":{"start":{"line":14,"column":53},"end":{"line":34,"column":null}}},"1":{"name":"(anonymous_3)","decl":{"start":{"line":24,"column":20},"end":{"line":24,"column":21}},"loc":{"start":{"line":25,"column":12},"end":{"line":25,"column":64}}}},"branchMap":{"0":{"loc":{"start":{"line":15,"column":2},"end":{"line":17,"column":null}},"type":"if","locations":[{"start":{"line":15,"column":2},"end":{"line":17,"column":null}},{"start":{},"end":{}}]}},"s":{"0":5,"1":1,"2":1,"3":1,"4":1,"5":5,"6":6,"7":1},"f":{"0":5,"1":6},"b":{"0":[1,4]}}
,"/Users/francescomeli/Projects/bee-beepro-frontend-e2e/history_report/src/components/Matrix/MatrixCell.tsx": {"path":"/Users/francescomeli/Projects/bee-beepro-frontend-e2e/history_report/src/components/Matrix/MatrixCell.tsx","statementMap":{"0":{"start":{"line":39,"column":0},"end":{"line":39,"column":15}},"1":{"start":{"line":3,"column":19},"end":{"line":3,"column":null}},"2":{"start":{"line":12,"column":17},"end":{"line":17,"column":null}},"3":{"start":{"line":13,"column":2},"end":{"line":13,"column":null}},"4":{"start":{"line":13,"column":19},"end":{"line":13,"column":null}},"5":{"start":{"line":14,"column":2},"end":{"line":14,"column":null}},"6":{"start":{"line":14,"column":20},"end":{"line":14,"column":null}},"7":{"start":{"line":15,"column":2},"end":{"line":15,"column":null}},"8":{"start":{"line":15,"column":20},"end":{"line":15,"column":null}},"9":{"start":{"line":16,"column":2},"end":{"line":16,"column":null}},"10":{"start":{"line":19,"column":19},"end":{"line":37,"column":null}},"11":{"start":{"line":20,"column":2},"end":{"line":26,"column":null}},"12":{"start":{"line":27,"column":31},"end":{"line":27,"column":null}},"13":{"start":{"line":39,"column":15},"end":{"line":39,"column":null}}},"fnMap":{"0":{"name":"(anonymous_2)","decl":{"start":{"line":12,"column":17},"end":{"line":12,"column":18}},"loc":{"start":{"line":12,"column":18},"end":{"line":17,"column":null}}},"1":{"name":"(anonymous_3)","decl":{"start":{"line":19,"column":19},"end":{"line":19,"column":20}},"loc":{"start":{"line":19,"column":52},"end":{"line":37,"column":null}}}},"branchMap":{"0":{"loc":{"start":{"line":13,"column":2},"end":{"line":13,"column":null}},"type":"if","locations":[{"start":{"line":13,"column":2},"end":{"line":13,"column":null}},{"start":{},"end":{}}]},"1":{"loc":{"start":{"line":14,"column":2},"end":{"line":14,"column":null}},"type":"if","locations":[{"start":{"line":14,"column":2},"end":{"line":14,"column":null}},{"start":{},"end":{}}]},"2":{"loc":{"start":{"line":15,"column":2},"end":{"line":15,"column":null}},"type":"if","locations":[{"start":{"line":15,"column":2},"end":{"line":15,"column":null}},{"start":{},"end":{}}]},"3":{"loc":{"start":{"line":20,"column":2},"end":{"line":26,"column":null}},"type":"if","locations":[{"start":{"line":20,"column":2},"end":{"line":26,"column":null}},{"start":{},"end":{}}]},"4":{"loc":{"start":{"line":22,"column":63},"end":{"line":22,"column":125}},"type":"cond-expr","locations":[{"start":{"line":22,"column":72},"end":{"line":22,"column":118}},{"start":{"line":22,"column":121},"end":{"line":22,"column":125}}]},"5":{"loc":{"start":{"line":31,"column":13},"end":{"line":31,"column":null}},"type":"cond-expr","locations":[{"start":{"line":31,"column":22},"end":{"line":31,"column":64}},{"start":{"line":31,"column":67},"end":{"line":31,"column":null}}]}},"s":{"0":44,"1":3,"2":3,"3":26,"4":5,"5":21,"6":1,"7":20,"8":1,"9":19,"10":3,"11":44,"12":26,"13":3},"f":{"0":26,"1":44},"b":{"0":[5,21],"1":[1,20],"2":[1,19],"3":[18,26],"4":[16,2],"5":[19,7]}}
,"/Users/francescomeli/Projects/bee-beepro-frontend-e2e/history_report/src/components/Matrix/MatrixHeader.tsx": {"path":"/Users/francescomeli/Projects/bee-beepro-frontend-e2e/history_report/src/components/Matrix/MatrixHeader.tsx","statementMap":{"0":{"start":{"line":24,"column":0},"end":{"line":24,"column":15}},"1":{"start":{"line":3,"column":19},"end":{"line":3,"column":null}},"2":{"start":{"line":15,"column":8},"end":{"line":15,"column":34}},"3":{"start":{"line":24,"column":15},"end":{"line":24,"column":null}}},"fnMap":{"0":{"name":"(anonymous_3)","decl":{"start":{"line":14,"column":19},"end":{"line":14,"column":20}},"loc":{"start":{"line":15,"column":8},"end":{"line":15,"column":34}}}},"branchMap":{},"s":{"0":8,"1":2,"2":13,"3":2},"f":{"0":13},"b":{}}
,"/Users/francescomeli/Projects/bee-beepro-frontend-e2e/history_report/src/components/Matrix/MatrixRow.tsx": {"path":"/Users/francescomeli/Projects/bee-beepro-frontend-e2e/history_report/src/components/Matrix/MatrixRow.tsx","statementMap":{"0":{"start":{"line":34,"column":0},"end":{"line":34,"column":15}},"1":{"start":{"line":3,"column":23},"end":{"line":3,"column":null}},"2":{"start":{"line":4,"column":19},"end":{"line":4,"column":null}},"3":{"start":{"line":24,"column":6},"end":{"line":25,"column":null}},"4":{"start":{"line":28,"column":46},"end":{"line":28,"column":85}},"5":{"start":{"line":34,"column":15},"end":{"line":34,"column":null}}},"fnMap":{"0":{"name":"(anonymous_3)","decl":{"start":{"line":23,"column":19},"end":{"line":23,"column":20}},"loc":{"start":{"line":24,"column":6},"end":{"line":25,"column":null}}},"1":{"name":"(anonymous_4)","decl":{"start":{"line":28,"column":40},"end":{"line":28,"column":46}},"loc":{"start":{"line":28,"column":46},"end":{"line":28,"column":85}}}},"branchMap":{"0":{"loc":{"start":{"line":20,"column":7},"end":{"line":20,"column":60}},"type":"cond-expr","locations":[{"start":{"line":20,"column":33},"end":{"line":20,"column":45}},{"start":{"line":20,"column":45},"end":{"line":20,"column":60}}]},"1":{"loc":{"start":{"line":28,"column":17},"end":{"line":28,"column":null}},"type":"cond-expr","locations":[{"start":{"line":28,"column":40},"end":{"line":28,"column":85}},{"start":{"line":28,"column":85},"end":{"line":28,"column":null}}]},"2":{"loc":{"start":{"line":28,"column":17},"end":{"line":28,"column":37}},"type":"binary-expr","locations":[{"start":{"line":28,"column":17},"end":{"line":28,"column":25}},{"start":{"line":28,"column":25},"end":{"line":28,"column":37}}]},"3":{"loc":{"start":{"line":25,"column":13},"end":{"line":25,"column":null}},"type":"binary-expr","locations":[{"start":{"line":25,"column":13},"end":{"line":25,"column":39}},{"start":{"line":25,"column":39},"end":{"line":25,"column":null}}]}},"s":{"0":13,"1":2,"2":2,"3":33,"4":2,"5":2},"f":{"0":33,"1":2},"b":{"0":[1,12],"1":[18,15],"2":[33,18],"3":[33,0]}}
,"/Users/francescomeli/Projects/bee-beepro-frontend-e2e/history_report/src/components/ReportDrawer/ReportDrawer.tsx": {"path":"/Users/francescomeli/Projects/bee-beepro-frontend-e2e/history_report/src/components/ReportDrawer/ReportDrawer.tsx","statementMap":{"0":{"start":{"line":40,"column":0},"end":{"line":40,"column":15}},"1":{"start":{"line":3,"column":26},"end":{"line":3,"column":null}},"2":{"start":{"line":4,"column":19},"end":{"line":4,"column":null}},"3":{"start":{"line":11,"column":21},"end":{"line":38,"column":null}},"4":{"start":{"line":12,"column":2},"end":{"line":18,"column":null}},"5":{"start":{"line":13,"column":22},"end":{"line":15,"column":null}},"6":{"start":{"line":14,"column":6},"end":{"line":14,"column":null}},"7":{"start":{"line":14,"column":30},"end":{"line":14,"column":null}},"8":{"start":{"line":16,"column":4},"end":{"line":16,"column":null}},"9":{"start":{"line":16,"column":13},"end":{"line":16,"column":null}},"10":{"start":{"line":17,"column":4},"end":{"line":17,"column":null}},"11":{"start":{"line":17,"column":17},"end":{"line":17,"column":null}},"12":{"start":{"line":20,"column":2},"end":{"line":20,"column":null}},"13":{"start":{"line":20,"column":12},"end":{"line":20,"column":null}},"14":{"start":{"line":40,"column":15},"end":{"line":40,"column":null}}},"fnMap":{"0":{"name":"(anonymous_2)","decl":{"start":{"line":11,"column":21},"end":{"line":11,"column":22}},"loc":{"start":{"line":11,"column":45},"end":{"line":38,"column":null}}},"1":{"name":"(anonymous_3)","decl":{"start":{"line":12,"column":12},"end":{"line":12,"column":null}},"loc":{"start":{"line":12,"column":12},"end":{"line":18,"column":5}}},"2":{"name":"(anonymous_4)","decl":{"start":{"line":13,"column":22},"end":{"line":13,"column":23}},"loc":{"start":{"line":13,"column":23},"end":{"line":15,"column":null}}},"3":{"name":"(anonymous_5)","decl":{"start":{"line":17,"column":11},"end":{"line":17,"column":17}},"loc":{"start":{"line":17,"column":17},"end":{"line":17,"column":null}}}},"branchMap":{"0":{"loc":{"start":{"line":14,"column":6},"end":{"line":14,"column":null}},"type":"if","locations":[{"start":{"line":14,"column":6},"end":{"line":14,"column":null}},{"start":{},"end":{}}]},"1":{"loc":{"start":{"line":16,"column":4},"end":{"line":16,"column":null}},"type":"if","locations":[{"start":{"line":16,"column":4},"end":{"line":16,"column":null}},{"start":{},"end":{}}]},"2":{"loc":{"start":{"line":20,"column":2},"end":{"line":20,"column":null}},"type":"if","locations":[{"start":{"line":20,"column":2},"end":{"line":20,"column":null}},{"start":{},"end":{}}]}},"s":{"0":7,"1":1,"2":1,"3":1,"4":7,"5":7,"6":1,"7":1,"8":7,"9":5,"10":7,"11":7,"12":7,"13":2,"14":1},"f":{"0":7,"1":7,"2":1,"3":7},"b":{"0":[1,0],"1":[5,2],"2":[2,5]}}
,"/Users/francescomeli/Projects/bee-beepro-frontend-e2e/history_report/src/components/Stats/StatCard.tsx": {"path":"/Users/francescomeli/Projects/bee-beepro-frontend-e2e/history_report/src/components/Stats/StatCard.tsx","statementMap":{"0":{"start":{"line":29,"column":0},"end":{"line":29,"column":15}},"1":{"start":{"line":3,"column":19},"end":{"line":3,"column":null}},"2":{"start":{"line":29,"column":15},"end":{"line":29,"column":null}}},"fnMap":{},"branchMap":{"0":{"loc":{"start":{"line":14,"column":34},"end":{"line":14,"column":50}},"type":"default-arg","locations":[{"start":{"line":14,"column":41},"end":{"line":14,"column":50}}]},"1":{"loc":{"start":{"line":19,"column":7},"end":{"line":19,"column":null}},"type":"binary-expr","locations":[{"start":{"line":19,"column":7},"end":{"line":19,"column":null}}]}},"s":{"0":49,"1":2,"2":2},"f":{},"b":{"0":[5],"1":[49]}}
,"/Users/francescomeli/Projects/bee-beepro-frontend-e2e/history_report/src/components/Stats/Stats.tsx": {"path":"/Users/francescomeli/Projects/bee-beepro-frontend-e2e/history_report/src/components/Stats/Stats.tsx","statementMap":{"0":{"start":{"line":42,"column":0},"end":{"line":42,"column":15}},"1":{"start":{"line":3,"column":21},"end":{"line":3,"column":null}},"2":{"start":{"line":4,"column":19},"end":{"line":4,"column":null}},"3":{"start":{"line":9,"column":14},"end":{"line":40,"column":null}},"4":{"start":{"line":10,"column":17},"end":{"line":10,"column":null}},"5":{"start":{"line":11,"column":19},"end":{"line":11,"column":null}},"6":{"start":{"line":12,"column":16},"end":{"line":12,"column":null}},"7":{"start":{"line":13,"column":20},"end":{"line":13,"column":null}},"8":{"start":{"line":14,"column":22},"end":{"line":14,"column":null}},"9":{"start":{"line":15,"column":21},"end":{"line":15,"column":null}},"10":{"start":{"line":16,"column":21},"end":{"line":16,"column":null}},"11":{"start":{"line":17,"column":19},"end":{"line":17,"column":null}},"12":{"start":{"line":42,"column":15},"end":{"line":42,"column":null}}},"fnMap":{"0":{"name":"(anonymous_2)","decl":{"start":{"line":9,"column":14},"end":{"line":9,"column":15}},"loc":{"start":{"line":9,"column":32},"end":{"line":40,"column":null}}}},"branchMap":{"0":{"loc":{"start":{"line":10,"column":17},"end":{"line":10,"column":null}},"type":"binary-expr","locations":[{"start":{"line":10,"column":17},"end":{"line":10,"column":41}},{"start":{"line":10,"column":41},"end":{"line":10,"column":null}}]},"1":{"loc":{"start":{"line":11,"column":19},"end":{"line":11,"column":null}},"type":"binary-expr","locations":[{"start":{"line":11,"column":19},"end":{"line":11,"column":43}},{"start":{"line":11,"column":43},"end":{"line":11,"column":null}}]},"2":{"loc":{"start":{"line":13,"column":20},"end":{"line":13,"column":null}},"type":"binary-expr","locations":[{"start":{"line":13,"column":20},"end":{"line":13,"column":41}},{"start":{"line":13,"column":41},"end":{"line":13,"column":null}}]},"3":{"loc":{"start":{"line":14,"column":22},"end":{"line":14,"column":null}},"type":"binary-expr","locations":[{"start":{"line":14,"column":22},"end":{"line":14,"column":45}},{"start":{"line":14,"column":45},"end":{"line":14,"column":null}}]},"4":{"loc":{"start":{"line":15,"column":21},"end":{"line":15,"column":null}},"type":"binary-expr","locations":[{"start":{"line":15,"column":21},"end":{"line":15,"column":43}},{"start":{"line":15,"column":43},"end":{"line":15,"column":null}}]},"5":{"loc":{"start":{"line":16,"column":21},"end":{"line":16,"column":null}},"type":"binary-expr","locations":[{"start":{"line":16,"column":21},"end":{"line":16,"column":43}},{"start":{"line":16,"column":43},"end":{"line":16,"column":null}}]},"6":{"loc":{"start":{"line":17,"column":19},"end":{"line":17,"column":null}},"type":"binary-expr","locations":[{"start":{"line":17,"column":19},"end":{"line":17,"column":43}},{"start":{"line":17,"column":43},"end":{"line":17,"column":null}}]},"7":{"loc":{"start":{"line":25,"column":56},"end":{"line":25,"column":92}},"type":"cond-expr","locations":[{"start":{"line":25,"column":69},"end":{"line":25,"column":81}},{"start":{"line":25,"column":81},"end":{"line":25,"column":92}}]},"8":{"loc":{"start":{"line":26,"column":60},"end":{"line":26,"column":98}},"type":"cond-expr","locations":[{"start":{"line":26,"column":75},"end":{"line":26,"column":87}},{"start":{"line":26,"column":87},"end":{"line":26,"column":98}}]},"9":{"loc":{"start":{"line":30,"column":57},"end":{"line":30,"column":null}},"type":"cond-expr","locations":[{"start":{"line":30,"column":72},"end":{"line":30,"column":93}},{"start":{"line":30,"column":96},"end":{"line":30,"column":null}}]},"10":{"loc":{"start":{"line":32,"column":57},"end":{"line":32,"column":96}},"type":"cond-expr","locations":[{"start":{"line":32,"column":73},"end":{"line":32,"column":85}},{"start":{"line":32,"column":85},"end":{"line":32,"column":96}}]},"11":{"loc":{"start":{"line":33,"column":59},"end":{"line":33,"column":100}},"type":"cond-expr","locations":[{"start":{"line":33,"column":77},"end":{"line":33,"column":89}},{"start":{"line":33,"column":89},"end":{"line":33,"column":100}}]}},"s":{"0":6,"1":1,"2":1,"3":1,"4":6,"5":6,"6":6,"7":6,"8":6,"9":6,"10":6,"11":6,"12":1},"f":{"0":6},"b":{"0":[6,1],"1":[6,1],"2":[6,1],"3":[6,1],"4":[6,1],"5":[6,1],"6":[6,1],"7":[5,1],"8":[5,1],"9":[4,2],"10":[5,1],"11":[5,1]}}
,"/Users/francescomeli/Projects/bee-beepro-frontend-e2e/history_report/src/hooks/usePersistedState.ts": {"path":"/Users/francescomeli/Projects/bee-beepro-frontend-e2e/history_report/src/hooks/usePersistedState.ts","statementMap":{"0":{"start":{"line":7,"column":13},"end":{"line":7,"column":33}},"1":{"start":{"line":3,"column":36},"end":{"line":3,"column":null}},"2":{"start":{"line":5,"column":20},"end":{"line":5,"column":null}},"3":{"start":{"line":7,"column":33},"end":{"line":31,"column":null}},"4":{"start":{"line":8,"column":28},"end":{"line":8,"column":null}},"5":{"start":{"line":9,"column":34},"end":{"line":9,"column":null}},"6":{"start":{"line":11,"column":2},"end":{"line":19,"column":null}},"7":{"start":{"line":12,"column":4},"end":{"line":17,"column":null}},"8":{"start":{"line":13,"column":18},"end":{"line":13,"column":null}},"9":{"start":{"line":14,"column":6},"end":{"line":14,"column":null}},"10":{"start":{"line":14,"column":15},"end":{"line":14,"column":null}},"11":{"start":{"line":18,"column":4},"end":{"line":18,"column":null}},"12":{"start":{"line":21,"column":2},"end":{"line":28,"column":null}},"13":{"start":{"line":22,"column":4},"end":{"line":22,"column":null}},"14":{"start":{"line":22,"column":19},"end":{"line":22,"column":null}},"15":{"start":{"line":23,"column":4},"end":{"line":27,"column":null}},"16":{"start":{"line":24,"column":6},"end":{"line":24,"column":null}},"17":{"start":{"line":30,"column":2},"end":{"line":30,"column":null}}},"fnMap":{"0":{"name":"(anonymous_1)","decl":{"start":{"line":7,"column":33},"end":{"line":7,"column":38}},"loc":{"start":{"line":7,"column":51},"end":{"line":31,"column":null}}},"1":{"name":"(anonymous_2)","decl":{"start":{"line":11,"column":12},"end":{"line":11,"column":null}},"loc":{"start":{"line":11,"column":12},"end":{"line":19,"column":5}}},"2":{"name":"(anonymous_3)","decl":{"start":{"line":21,"column":12},"end":{"line":21,"column":null}},"loc":{"start":{"line":21,"column":12},"end":{"line":28,"column":5}}}},"branchMap":{"0":{"loc":{"start":{"line":14,"column":6},"end":{"line":14,"column":null}},"type":"if","locations":[{"start":{"line":14,"column":6},"end":{"line":14,"column":null}},{"start":{},"end":{}}]},"1":{"loc":{"start":{"line":22,"column":4},"end":{"line":22,"column":null}},"type":"if","locations":[{"start":{"line":22,"column":4},"end":{"line":22,"column":null}},{"start":{},"end":{}}]}},"s":{"0":12,"1":1,"2":1,"3":1,"4":12,"5":12,"6":12,"7":5,"8":5,"9":5,"10":2,"11":5,"12":12,"13":12,"14":5,"15":7,"16":7,"17":12},"f":{"0":12,"1":5,"2":12},"b":{"0":[2,3],"1":[5,7]}}
,"/Users/francescomeli/Projects/bee-beepro-frontend-e2e/history_report/src/lib/cache.ts": {"path":"/Users/francescomeli/Projects/bee-beepro-frontend-e2e/history_report/src/lib/cache.ts","statementMap":{"0":{"start":{"line":32,"column":13},"end":{"line":32,"column":null}},"1":{"start":{"line":3,"column":13},"end":{"line":3,"column":null}},"2":{"start":{"line":4,"column":27},"end":{"line":4,"column":54}},"3":{"start":{"line":6,"column":31},"end":{"line":6,"column":51}},"4":{"start":{"line":9,"column":18},"end":{"line":9,"column":null}},"5":{"start":{"line":10,"column":4},"end":{"line":10,"column":null}},"6":{"start":{"line":10,"column":16},"end":{"line":10,"column":null}},"7":{"start":{"line":11,"column":4},"end":{"line":14,"column":null}},"8":{"start":{"line":12,"column":6},"end":{"line":12,"column":null}},"9":{"start":{"line":13,"column":6},"end":{"line":13,"column":null}},"10":{"start":{"line":15,"column":4},"end":{"line":15,"column":null}},"11":{"start":{"line":19,"column":4},"end":{"line":19,"column":null}},"12":{"start":{"line":23,"column":16},"end":{"line":23,"column":null}},"13":{"start":{"line":24,"column":4},"end":{"line":24,"column":null}},"14":{"start":{"line":24,"column":27},"end":{"line":24,"column":null}},"15":{"start":{"line":25,"column":18},"end":{"line":25,"column":null}},"16":{"start":{"line":26,"column":4},"end":{"line":26,"column":null}},"17":{"start":{"line":27,"column":4},"end":{"line":27,"column":null}},"18":{"start":{"line":33,"column":27},"end":{"line":33,"column":47}},"19":{"start":{"line":36,"column":4},"end":{"line":36,"column":null}},"20":{"start":{"line":40,"column":4},"end":{"line":40,"column":null}},"21":{"start":{"line":44,"column":16},"end":{"line":44,"column":null}},"22":{"start":{"line":45,"column":4},"end":{"line":45,"column":null}},"23":{"start":{"line":45,"column":27},"end":{"line":45,"column":null}},"24":{"start":{"line":46,"column":18},"end":{"line":46,"column":null}},"25":{"start":{"line":47,"column":4},"end":{"line":47,"column":null}},"26":{"start":{"line":48,"column":4},"end":{"line":48,"column":null}}},"fnMap":{"0":{"name":"(anonymous_3)","decl":{"start":{"line":6,"column":2},"end":{"line":6,"column":14}},"loc":{"start":{"line":6,"column":53},"end":{"line":6,"column":null}}},"1":{"name":"(anonymous_4)","decl":{"start":{"line":8,"column":2},"end":{"line":8,"column":6}},"loc":{"start":{"line":8,"column":34},"end":{"line":16,"column":null}}},"2":{"name":"(anonymous_5)","decl":{"start":{"line":18,"column":2},"end":{"line":18,"column":6}},"loc":{"start":{"line":18,"column":51},"end":{"line":20,"column":null}}},"3":{"name":"(anonymous_6)","decl":{"start":{"line":22,"column":2},"end":{"line":22,"column":8}},"loc":{"start":{"line":22,"column":85},"end":{"line":28,"column":null}}},"4":{"name":"(anonymous_7)","decl":{"start":{"line":35,"column":2},"end":{"line":35,"column":6}},"loc":{"start":{"line":35,"column":34},"end":{"line":37,"column":null}}},"5":{"name":"(anonymous_8)","decl":{"start":{"line":39,"column":2},"end":{"line":39,"column":6}},"loc":{"start":{"line":39,"column":35},"end":{"line":41,"column":null}}},"6":{"name":"(anonymous_9)","decl":{"start":{"line":43,"column":2},"end":{"line":43,"column":8}},"loc":{"start":{"line":43,"column":69},"end":{"line":49,"column":null}}}},"branchMap":{"0":{"loc":{"start":{"line":10,"column":4},"end":{"line":10,"column":null}},"type":"if","locations":[{"start":{"line":10,"column":4},"end":{"line":10,"column":null}},{"start":{},"end":{}}]},"1":{"loc":{"start":{"line":11,"column":4},"end":{"line":14,"column":null}},"type":"if","locations":[{"start":{"line":11,"column":4},"end":{"line":14,"column":null}},{"start":{},"end":{}}]},"2":{"loc":{"start":{"line":19,"column":58},"end":{"line":19,"column":84}},"type":"binary-expr","locations":[{"start":{"line":19,"column":58},"end":{"line":19,"column":67}},{"start":{"line":19,"column":67},"end":{"line":19,"column":84}}]},"3":{"loc":{"start":{"line":24,"column":4},"end":{"line":24,"column":null}},"type":"if","locations":[{"start":{"line":24,"column":4},"end":{"line":24,"column":null}},{"start":{},"end":{}}]},"4":{"loc":{"start":{"line":45,"column":4},"end":{"line":45,"column":null}},"type":"if","locations":[{"start":{"line":45,"column":4},"end":{"line":45,"column":null}},{"start":{},"end":{}}]}},"s":{"0":15,"1":7,"2":7,"3":7,"4":10,"5":10,"6":3,"7":7,"8":3,"9":3,"10":4,"11":7,"12":4,"13":4,"14":1,"15":3,"16":3,"17":3,"18":15,"19":20,"20":16,"21":17,"22":17,"23":2,"24":15,"25":15,"26":15},"f":{"0":7,"1":10,"2":7,"3":4,"4":20,"5":16,"6":17},"b":{"0":[3,7],"1":[3,4],"2":[7,6],"3":[1,3],"4":[2,15]}}
,"/Users/francescomeli/Projects/bee-beepro-frontend-e2e/history_report/src/lib/paths.ts": {"path":"/Users/francescomeli/Projects/bee-beepro-frontend-e2e/history_report/src/lib/paths.ts","statementMap":{"0":{"start":{"line":3,"column":13},"end":{"line":3,"column":24}},"1":{"start":{"line":11,"column":13},"end":{"line":11,"column":31}},"2":{"start":{"line":16,"column":13},"end":{"line":16,"column":32}},"3":{"start":{"line":24,"column":13},"end":{"line":24,"column":30}},"4":{"start":{"line":30,"column":13},"end":{"line":30,"column":34}},"5":{"start":{"line":1,"column":20},"end":{"line":1,"column":null}},"6":{"start":{"line":3,"column":24},"end":{"line":9,"column":null}},"7":{"start":{"line":11,"column":31},"end":{"line":14,"column":null}},"8":{"start":{"line":12,"column":15},"end":{"line":12,"column":null}},"9":{"start":{"line":13,"column":2},"end":{"line":13,"column":null}},"10":{"start":{"line":16,"column":32},"end":{"line":20,"column":null}},"11":{"start":{"line":17,"column":15},"end":{"line":17,"column":null}},"12":{"start":{"line":18,"column":15},"end":{"line":18,"column":null}},"13":{"start":{"line":18,"column":48},"end":{"line":18,"column":66}},"14":{"start":{"line":19,"column":2},"end":{"line":19,"column":null}},"15":{"start":{"line":22,"column":21},"end":{"line":22,"column":null}},"16":{"start":{"line":24,"column":30},"end":{"line":28,"column":null}},"17":{"start":{"line":25,"column":16},"end":{"line":25,"column":null}},"18":{"start":{"line":26,"column":2},"end":{"line":26,"column":null}},"19":{"start":{"line":26,"column":14},"end":{"line":26,"column":null}},"20":{"start":{"line":27,"column":2},"end":{"line":27,"column":null}},"21":{"start":{"line":30,"column":34},"end":{"line":33,"column":null}},"22":{"start":{"line":32,"column":2},"end":{"line":32,"column":null}}},"fnMap":{"0":{"name":"(anonymous_6)","decl":{"start":{"line":11,"column":31},"end":{"line":11,"column":32}},"loc":{"start":{"line":11,"column":32},"end":{"line":14,"column":null}}},"1":{"name":"(anonymous_7)","decl":{"start":{"line":16,"column":32},"end":{"line":16,"column":33}},"loc":{"start":{"line":16,"column":33},"end":{"line":20,"column":null}}},"2":{"name":"(anonymous_8)","decl":{"start":{"line":18,"column":28},"end":{"line":18,"column":29}},"loc":{"start":{"line":18,"column":48},"end":{"line":18,"column":66}}},"3":{"name":"(anonymous_9)","decl":{"start":{"line":24,"column":30},"end":{"line":24,"column":31}},"loc":{"start":{"line":24,"column":31},"end":{"line":28,"column":null}}},"4":{"name":"(anonymous_10)","decl":{"start":{"line":30,"column":34},"end":{"line":30,"column":35}},"loc":{"start":{"line":30,"column":57},"end":{"line":33,"column":null}}}},"branchMap":{"0":{"loc":{"start":{"line":26,"column":2},"end":{"line":26,"column":null}},"type":"if","locations":[{"start":{"line":26,"column":2},"end":{"line":26,"column":null}},{"start":{},"end":{}}]}},"s":{"0":1,"1":2,"2":3,"3":4,"4":4,"5":1,"6":1,"7":1,"8":2,"9":2,"10":1,"11":3,"12":3,"13":3,"14":3,"15":1,"16":1,"17":4,"18":4,"19":3,"20":1,"21":1,"22":4},"f":{"0":2,"1":3,"2":3,"3":4,"4":4},"b":{"0":[3,1]}}
,"/Users/francescomeli/Projects/bee-beepro-frontend-e2e/history_report/src/services/reportAggregator.ts": {"path":"/Users/francescomeli/Projects/bee-beepro-frontend-e2e/history_report/src/services/reportAggregator.ts","statementMap":{"0":{"start":{"line":85,"column":13},"end":{"line":85,"column":32}},"1":{"start":{"line":1,"column":31},"end":{"line":1,"column":null}},"2":{"start":{"line":2,"column":24},"end":{"line":2,"column":null}},"3":{"start":{"line":5,"column":20},"end":{"line":5,"column":null}},"4":{"start":{"line":7,"column":20},"end":{"line":8,"column":null}},"5":{"start":{"line":8,"column":2},"end":{"line":8,"column":null}},"6":{"start":{"line":8,"column":35},"end":{"line":8,"column":null}},"7":{"start":{"line":10,"column":26},"end":{"line":11,"column":null}},"8":{"start":{"line":11,"column":2},"end":{"line":11,"column":null}},"9":{"start":{"line":23,"column":18},"end":{"line":65,"column":null}},"10":{"start":{"line":31,"column":21},"end":{"line":31,"column":null}},"11":{"start":{"line":32,"column":20},"end":{"line":32,"column":null}},"12":{"start":{"line":34,"column":2},"end":{"line":62,"column":null}},"13":{"start":{"line":35,"column":21},"end":{"line":35,"column":78}},"14":{"start":{"line":36,"column":21},"end":{"line":36,"column":null}},"15":{"start":{"line":37,"column":22},"end":{"line":37,"column":null}},"16":{"start":{"line":38,"column":21},"end":{"line":38,"column":47}},"17":{"start":{"line":40,"column":16},"end":{"line":40,"column":null}},"18":{"start":{"line":41,"column":4},"end":{"line":50,"column":null}},"19":{"start":{"line":42,"column":6},"end":{"line":48,"column":null}},"20":{"start":{"line":49,"column":6},"end":{"line":49,"column":null}},"21":{"start":{"line":52,"column":29},"end":{"line":55,"column":null}},"22":{"start":{"line":56,"column":21},"end":{"line":56,"column":null}},"23":{"start":{"line":58,"column":48},"end":{"line":58,"column":null}},"24":{"start":{"line":59,"column":4},"end":{"line":61,"column":null}},"25":{"start":{"line":60,"column":6},"end":{"line":60,"column":null}},"26":{"start":{"line":64,"column":2},"end":{"line":64,"column":null}},"27":{"start":{"line":64,"column":36},"end":{"line":64,"column":null}},"28":{"start":{"line":85,"column":32},"end":{"line":134,"column":null}},"29":{"start":{"line":86,"column":14},"end":{"line":86,"column":null}},"30":{"start":{"line":87,"column":22},"end":{"line":87,"column":null}},"31":{"start":{"line":89,"column":21},"end":{"line":90,"column":null}},"32":{"start":{"line":90,"column":30},"end":{"line":90,"column":null}},"33":{"start":{"line":93,"column":2},"end":{"line":102,"column":null}},"34":{"start":{"line":94,"column":4},"end":{"line":94,"column":null}},"35":{"start":{"line":94,"column":36},"end":{"line":94,"column":null}},"36":{"start":{"line":95,"column":4},"end":{"line":101,"column":null}},"37":{"start":{"line":104,"column":22},"end":{"line":104,"column":null}},"38":{"start":{"line":104,"column":41},"end":{"line":104,"column":48}},"39":{"start":{"line":106,"column":15},"end":{"line":131,"column":null}},"40":{"start":{"line":107,"column":23},"end":{"line":107,"column":null}},"41":{"start":{"line":109,"column":20},"end":{"line":113,"column":null}},"42":{"start":{"line":110,"column":22},"end":{"line":110,"column":null}},"43":{"start":{"line":111,"column":8},"end":{"line":111,"column":null}},"44":{"start":{"line":111,"column":33},"end":{"line":111,"column":null}},"45":{"start":{"line":112,"column":8},"end":{"line":112,"column":null}},"46":{"start":{"line":114,"column":19},"end":{"line":114,"column":57}},"47":{"start":{"line":114,"column":39},"end":{"line":114,"column":51}},"48":{"start":{"line":115,"column":23},"end":{"line":115,"column":60}},"49":{"start":{"line":115,"column":43},"end":{"line":115,"column":54}},"50":{"start":{"line":116,"column":23},"end":{"line":116,"column":61}},"51":{"start":{"line":116,"column":43},"end":{"line":116,"column":55}},"52":{"start":{"line":117,"column":20},"end":{"line":117,"column":58}},"53":{"start":{"line":117,"column":40},"end":{"line":117,"column":52}},"54":{"start":{"line":118,"column":26},"end":{"line":118,"column":null}},"55":{"start":{"line":119,"column":6},"end":{"line":130,"column":null}},"56":{"start":{"line":133,"column":2},"end":{"line":133,"column":null}}},"fnMap":{"0":{"name":"(anonymous_1)","decl":{"start":{"line":7,"column":20},"end":{"line":7,"column":21}},"loc":{"start":{"line":8,"column":2},"end":{"line":8,"column":null}}},"1":{"name":"(anonymous_2)","decl":{"start":{"line":8,"column":29},"end":{"line":8,"column":35}},"loc":{"start":{"line":8,"column":35},"end":{"line":8,"column":null}}},"2":{"name":"(anonymous_3)","decl":{"start":{"line":10,"column":26},"end":{"line":10,"column":27}},"loc":{"start":{"line":11,"column":2},"end":{"line":11,"column":null}}},"3":{"name":"(anonymous_4)","decl":{"start":{"line":23,"column":18},"end":{"line":23,"column":null}},"loc":{"start":{"line":29,"column":17},"end":{"line":65,"column":null}}},"4":{"name":"(anonymous_5)","decl":{"start":{"line":34,"column":23},"end":{"line":34,"column":24}},"loc":{"start":{"line":34,"column":24},"end":{"line":62,"column":null}}},"5":{"name":"(anonymous_6)","decl":{"start":{"line":64,"column":24},"end":{"line":64,"column":25}},"loc":{"start":{"line":64,"column":36},"end":{"line":64,"column":null}}},"6":{"name":"(anonymous_7)","decl":{"start":{"line":85,"column":32},"end":{"line":85,"column":39}},"loc":{"start":{"line":85,"column":74},"end":{"line":134,"column":null}}},"7":{"name":"(anonymous_8)","decl":{"start":{"line":90,"column":16},"end":{"line":90,"column":23}},"loc":{"start":{"line":90,"column":30},"end":{"line":90,"column":null}}},"8":{"name":"(anonymous_9)","decl":{"start":{"line":94,"column":26},"end":{"line":94,"column":27}},"loc":{"start":{"line":94,"column":36},"end":{"line":94,"column":null}}},"9":{"name":"(anonymous_10)","decl":{"start":{"line":104,"column":34},"end":{"line":104,"column":35}},"loc":{"start":{"line":104,"column":41},"end":{"line":104,"column":48}}},"10":{"name":"(anonymous_11)","decl":{"start":{"line":107,"column":12},"end":{"line":107,"column":13}},"loc":{"start":{"line":107,"column":23},"end":{"line":107,"column":null}}},"11":{"name":"(anonymous_12)","decl":{"start":{"line":108,"column":9},"end":{"line":108,"column":10}},"loc":{"start":{"line":108,"column":10},"end":{"line":131,"column":null}}},"12":{"name":"(anonymous_13)","decl":{"start":{"line":109,"column":36},"end":{"line":109,"column":37}},"loc":{"start":{"line":109,"column":37},"end":{"line":113,"column":null}}},"13":{"name":"(anonymous_14)","decl":{"start":{"line":114,"column":32},"end":{"line":114,"column":33}},"loc":{"start":{"line":114,"column":39},"end":{"line":114,"column":51}}},"14":{"name":"(anonymous_15)","decl":{"start":{"line":115,"column":36},"end":{"line":115,"column":37}},"loc":{"start":{"line":115,"column":43},"end":{"line":115,"column":54}}},"15":{"name":"(anonymous_16)","decl":{"start":{"line":116,"column":36},"end":{"line":116,"column":37}},"loc":{"start":{"line":116,"column":43},"end":{"line":116,"column":55}}},"16":{"name":"(anonymous_17)","decl":{"start":{"line":117,"column":33},"end":{"line":117,"column":34}},"loc":{"start":{"line":117,"column":40},"end":{"line":117,"column":52}}}},"branchMap":{"0":{"loc":{"start":{"line":11,"column":3},"end":{"line":11,"column":16}},"type":"binary-expr","locations":[{"start":{"line":11,"column":3},"end":{"line":11,"column":15}},{"start":{"line":11,"column":15},"end":{"line":11,"column":16}}]},"1":{"loc":{"start":{"line":28,"column":2},"end":{"line":28,"column":18}},"type":"default-arg","locations":[{"start":{"line":28,"column":16},"end":{"line":28,"column":18}}]},"2":{"loc":{"start":{"line":29,"column":2},"end":{"line":29,"column":17}},"type":"default-arg","locations":[{"start":{"line":29,"column":15},"end":{"line":29,"column":17}}]},"3":{"loc":{"start":{"line":31,"column":21},"end":{"line":31,"column":null}},"type":"cond-expr","locations":[{"start":{"line":31,"column":36},"end":{"line":31,"column":97}},{"start":{"line":31,"column":101},"end":{"line":31,"column":null}}]},"4":{"loc":{"start":{"line":31,"column":36},"end":{"line":31,"column":97}},"type":"cond-expr","locations":[{"start":{"line":31,"column":50},"end":{"line":31,"column":83}},{"start":{"line":31,"column":86},"end":{"line":31,"column":97}}]},"5":{"loc":{"start":{"line":32,"column":20},"end":{"line":32,"column":null}},"type":"binary-expr","locations":[{"start":{"line":32,"column":20},"end":{"line":32,"column":30}},{"start":{"line":32,"column":34},"end":{"line":32,"column":48}},{"start":{"line":32,"column":52},"end":{"line":32,"column":null}}]},"6":{"loc":{"start":{"line":35,"column":21},"end":{"line":35,"column":78}},"type":"cond-expr","locations":[{"start":{"line":35,"column":34},"end":{"line":35,"column":65}},{"start":{"line":35,"column":68},"end":{"line":35,"column":78}}]},"7":{"loc":{"start":{"line":37,"column":22},"end":{"line":37,"column":null}},"type":"binary-expr","locations":[{"start":{"line":37,"column":22},"end":{"line":37,"column":38}},{"start":{"line":37,"column":42},"end":{"line":37,"column":null}}]},"8":{"loc":{"start":{"line":41,"column":4},"end":{"line":50,"column":null}},"type":"if","locations":[{"start":{"line":41,"column":4},"end":{"line":50,"column":null}},{"start":{},"end":{}}]},"9":{"loc":{"start":{"line":52,"column":29},"end":{"line":55,"column":null}},"type":"cond-expr","locations":[{"start":{"line":52,"column":55},"end":{"line":52,"column":null}},{"start":{"line":53,"column":8},"end":{"line":55,"column":null}}]},"10":{"loc":{"start":{"line":53,"column":8},"end":{"line":55,"column":null}},"type":"cond-expr","locations":[{"start":{"line":53,"column":35},"end":{"line":53,"column":null}},{"start":{"line":54,"column":8},"end":{"line":55,"column":null}}]},"11":{"loc":{"start":{"line":54,"column":8},"end":{"line":55,"column":null}},"type":"cond-expr","locations":[{"start":{"line":54,"column":35},"end":{"line":54,"column":null}},{"start":{"line":55,"column":8},"end":{"line":55,"column":null}}]},"12":{"loc":{"start":{"line":59,"column":4},"end":{"line":61,"column":null}},"type":"if","locations":[{"start":{"line":59,"column":4},"end":{"line":61,"column":null}},{"start":{},"end":{}}]},"13":{"loc":{"start":{"line":59,"column":8},"end":{"line":59,"column":57}},"type":"binary-expr","locations":[{"start":{"line":59,"column":8},"end":{"line":59,"column":21}},{"start":{"line":59,"column":21},"end":{"line":59,"column":57}}]},"14":{"loc":{"start":{"line":96,"column":14},"end":{"line":96,"column":null}},"type":"binary-expr","locations":[{"start":{"line":96,"column":14},"end":{"line":96,"column":36}},{"start":{"line":96,"column":36},"end":{"line":96,"column":null}}]},"15":{"loc":{"start":{"line":97,"column":16},"end":{"line":97,"column":null}},"type":"binary-expr","locations":[{"start":{"line":97,"column":16},"end":{"line":97,"column":40}},{"start":{"line":97,"column":40},"end":{"line":97,"column":null}}]},"16":{"loc":{"start":{"line":98,"column":15},"end":{"line":98,"column":null}},"type":"binary-expr","locations":[{"start":{"line":98,"column":15},"end":{"line":98,"column":38}},{"start":{"line":98,"column":38},"end":{"line":98,"column":null}}]},"17":{"loc":{"start":{"line":99,"column":15},"end":{"line":99,"column":null}},"type":"binary-expr","locations":[{"start":{"line":99,"column":15},"end":{"line":99,"column":38}},{"start":{"line":99,"column":38},"end":{"line":99,"column":null}}]},"18":{"loc":{"start":{"line":100,"column":13},"end":{"line":100,"column":null}},"type":"binary-expr","locations":[{"start":{"line":100,"column":13},"end":{"line":100,"column":34}},{"start":{"line":100,"column":34},"end":{"line":100,"column":null}}]},"19":{"loc":{"start":{"line":111,"column":8},"end":{"line":111,"column":null}},"type":"if","locations":[{"start":{"line":111,"column":8},"end":{"line":111,"column":null}},{"start":{},"end":{}}]},"20":{"loc":{"start":{"line":118,"column":26},"end":{"line":118,"column":null}},"type":"cond-expr","locations":[{"start":{"line":118,"column":37},"end":{"line":118,"column":84}},{"start":{"line":118,"column":84},"end":{"line":118,"column":null}}]}},"s":{"0":12,"1":12,"2":12,"3":12,"4":12,"5":14,"6":14,"7":12,"8":17,"9":12,"10":27,"11":27,"12":27,"13":17,"14":17,"15":17,"16":17,"17":17,"18":17,"19":13,"20":13,"21":17,"22":17,"23":17,"24":17,"25":17,"26":27,"27":14,"28":12,"29":12,"30":12,"31":12,"32":14,"33":12,"34":14,"35":13,"36":14,"37":12,"38":14,"39":12,"40":13,"41":12,"42":15,"43":15,"44":2,"45":13,"46":12,"47":15,"48":12,"49":15,"50":12,"51":15,"52":12,"53":15,"54":12,"55":12,"56":12},"f":{"0":14,"1":14,"2":17,"3":27,"4":17,"5":14,"6":12,"7":14,"8":13,"9":14,"10":13,"11":12,"12":15,"13":15,"14":15,"15":15,"16":15},"b":{"0":[17,0],"1":[13],"2":[13],"3":[14,13],"4":[1,13],"5":[27,14,14],"6":[17,0],"7":[17,1],"8":[13,4],"9":[4,13],"10":[2,11],"11":[1,10],"12":[17,0],"13":[17,3],"14":[14,1],"15":[14,1],"16":[14,1],"17":[14,1],"18":[14,1],"19":[2,13],"20":[12,0]}}
,"/Users/francescomeli/Projects/bee-beepro-frontend-e2e/history_report/src/services/reportsService.ts": {"path":"/Users/francescomeli/Projects/bee-beepro-frontend-e2e/history_report/src/services/reportsService.ts","statementMap":{"0":{"start":{"line":17,"column":13},"end":{"line":17,"column":26}},"1":{"start":{"line":1,"column":33},"end":{"line":1,"column":null}},"2":{"start":{"line":2,"column":28},"end":{"line":2,"column":null}},"3":{"start":{"line":3,"column":31},"end":{"line":3,"column":null}},"4":{"start":{"line":6,"column":22},"end":{"line":10,"column":null}},"5":{"start":{"line":7,"column":2},"end":{"line":7,"column":null}},"6":{"start":{"line":7,"column":15},"end":{"line":7,"column":null}},"7":{"start":{"line":8,"column":15},"end":{"line":8,"column":null}},"8":{"start":{"line":9,"column":2},"end":{"line":9,"column":null}},"9":{"start":{"line":12,"column":22},"end":{"line":15,"column":null}},"10":{"start":{"line":13,"column":2},"end":{"line":13,"column":null}},"11":{"start":{"line":13,"column":38},"end":{"line":13,"column":null}},"12":{"start":{"line":14,"column":2},"end":{"line":14,"column":null}},"13":{"start":{"line":17,"column":26},"end":{"line":80,"column":null}},"14":{"start":{"line":18,"column":19},"end":{"line":23,"column":null}},"15":{"start":{"line":25,"column":19},"end":{"line":25,"column":null}},"16":{"start":{"line":26,"column":17},"end":{"line":26,"column":null}},"17":{"start":{"line":27,"column":41},"end":{"line":27,"column":null}},"18":{"start":{"line":29,"column":19},"end":{"line":32,"column":null}},"19":{"start":{"line":30,"column":21},"end":{"line":30,"column":null}},"20":{"start":{"line":31,"column":21},"end":{"line":31,"column":null}},"21":{"start":{"line":32,"column":20},"end":{"line":32,"column":null}},"22":{"start":{"line":34,"column":23},"end":{"line":34,"column":68}},"23":{"start":{"line":34,"column":46},"end":{"line":34,"column":62}},"24":{"start":{"line":35,"column":23},"end":{"line":35,"column":70}},"25":{"start":{"line":35,"column":46},"end":{"line":35,"column":64}},"26":{"start":{"line":38,"column":17},"end":{"line":49,"column":null}},"27":{"start":{"line":40,"column":16},"end":{"line":40,"column":null}},"28":{"start":{"line":41,"column":6},"end":{"line":47,"column":null}},"29":{"start":{"line":52,"column":2},"end":{"line":79,"column":null}},"30":{"start":{"line":54,"column":20},"end":{"line":54,"column":null}},"31":{"start":{"line":55,"column":6},"end":{"line":66,"column":null}}},"fnMap":{"0":{"name":"(anonymous_1)","decl":{"start":{"line":6,"column":22},"end":{"line":6,"column":23}},"loc":{"start":{"line":6,"column":37},"end":{"line":10,"column":null}}},"1":{"name":"(anonymous_2)","decl":{"start":{"line":12,"column":22},"end":{"line":12,"column":23}},"loc":{"start":{"line":12,"column":37},"end":{"line":15,"column":null}}},"2":{"name":"(anonymous_3)","decl":{"start":{"line":17,"column":26},"end":{"line":17,"column":33}},"loc":{"start":{"line":17,"column":33},"end":{"line":80,"column":null}}},"3":{"name":"(anonymous_4)","decl":{"start":{"line":30,"column":12},"end":{"line":30,"column":13}},"loc":{"start":{"line":30,"column":21},"end":{"line":30,"column":null}}},"4":{"name":"(anonymous_5)","decl":{"start":{"line":31,"column":12},"end":{"line":31,"column":13}},"loc":{"start":{"line":31,"column":21},"end":{"line":31,"column":null}}},"5":{"name":"(anonymous_6)","decl":{"start":{"line":32,"column":10},"end":{"line":32,"column":11}},"loc":{"start":{"line":32,"column":20},"end":{"line":32,"column":null}}},"6":{"name":"(anonymous_7)","decl":{"start":{"line":34,"column":39},"end":{"line":34,"column":40}},"loc":{"start":{"line":34,"column":46},"end":{"line":34,"column":62}}},"7":{"name":"(anonymous_8)","decl":{"start":{"line":35,"column":39},"end":{"line":35,"column":40}},"loc":{"start":{"line":35,"column":46},"end":{"line":35,"column":64}}},"8":{"name":"(anonymous_9)","decl":{"start":{"line":39,"column":4},"end":{"line":39,"column":5}},"loc":{"start":{"line":39,"column":10},"end":{"line":48,"column":null}}},"9":{"name":"(anonymous_10)","decl":{"start":{"line":53,"column":26},"end":{"line":53,"column":27}},"loc":{"start":{"line":53,"column":27},"end":{"line":67,"column":null}}}},"branchMap":{"0":{"loc":{"start":{"line":7,"column":2},"end":{"line":7,"column":null}},"type":"if","locations":[{"start":{"line":7,"column":2},"end":{"line":7,"column":null}},{"start":{},"end":{}}]},"1":{"loc":{"start":{"line":9,"column":9},"end":{"line":9,"column":null}},"type":"binary-expr","locations":[{"start":{"line":9,"column":9},"end":{"line":9,"column":54}},{"start":{"line":9,"column":54},"end":{"line":9,"column":null}}]},"2":{"loc":{"start":{"line":13,"column":2},"end":{"line":13,"column":null}},"type":"if","locations":[{"start":{"line":13,"column":2},"end":{"line":13,"column":null}},{"start":{},"end":{}}]},"3":{"loc":{"start":{"line":13,"column":6},"end":{"line":13,"column":38}},"type":"binary-expr","locations":[{"start":{"line":13,"column":6},"end":{"line":13,"column":17}},{"start":{"line":13,"column":17},"end":{"line":13,"column":38}}]},"4":{"loc":{"start":{"line":32,"column":20},"end":{"line":32,"column":null}},"type":"binary-expr","locations":[{"start":{"line":32,"column":20},"end":{"line":32,"column":49}},{"start":{"line":32,"column":53},"end":{"line":32,"column":null}}]},"5":{"loc":{"start":{"line":42,"column":30},"end":{"line":42,"column":null}},"type":"binary-expr","locations":[{"start":{"line":42,"column":30},"end":{"line":42,"column":43}},{"start":{"line":42,"column":43},"end":{"line":42,"column":null}}]},"6":{"loc":{"start":{"line":43,"column":34},"end":{"line":43,"column":null}},"type":"binary-expr","locations":[{"start":{"line":43,"column":34},"end":{"line":43,"column":49}},{"start":{"line":43,"column":49},"end":{"line":43,"column":null}}]},"7":{"loc":{"start":{"line":44,"column":32},"end":{"line":44,"column":null}},"type":"binary-expr","locations":[{"start":{"line":44,"column":32},"end":{"line":44,"column":46}},{"start":{"line":44,"column":46},"end":{"line":44,"column":null}}]},"8":{"loc":{"start":{"line":45,"column":32},"end":{"line":45,"column":null}},"type":"binary-expr","locations":[{"start":{"line":45,"column":32},"end":{"line":45,"column":46}},{"start":{"line":45,"column":46},"end":{"line":45,"column":null}}]},"9":{"loc":{"start":{"line":46,"column":28},"end":{"line":46,"column":null}},"type":"binary-expr","locations":[{"start":{"line":46,"column":28},"end":{"line":46,"column":40}},{"start":{"line":46,"column":40},"end":{"line":46,"column":null}}]},"10":{"loc":{"start":{"line":60,"column":18},"end":{"line":60,"column":null}},"type":"binary-expr","locations":[{"start":{"line":60,"column":18},"end":{"line":60,"column":35}},{"start":{"line":60,"column":35},"end":{"line":60,"column":null}}]},"11":{"loc":{"start":{"line":61,"column":20},"end":{"line":61,"column":null}},"type":"binary-expr","locations":[{"start":{"line":61,"column":20},"end":{"line":61,"column":39}},{"start":{"line":61,"column":39},"end":{"line":61,"column":null}}]},"12":{"loc":{"start":{"line":62,"column":19},"end":{"line":62,"column":null}},"type":"binary-expr","locations":[{"start":{"line":62,"column":19},"end":{"line":62,"column":37}},{"start":{"line":62,"column":37},"end":{"line":62,"column":null}}]},"13":{"loc":{"start":{"line":63,"column":19},"end":{"line":63,"column":null}},"type":"binary-expr","locations":[{"start":{"line":63,"column":19},"end":{"line":63,"column":37}},{"start":{"line":63,"column":37},"end":{"line":63,"column":null}}]},"14":{"loc":{"start":{"line":64,"column":17},"end":{"line":64,"column":null}},"type":"binary-expr","locations":[{"start":{"line":64,"column":17},"end":{"line":64,"column":33}},{"start":{"line":64,"column":33},"end":{"line":64,"column":null}}]}},"s":{"0":7,"1":1,"2":1,"3":1,"4":1,"5":12,"6":8,"7":4,"8":4,"9":1,"10":10,"11":8,"12":2,"13":1,"14":7,"15":7,"16":7,"17":7,"18":7,"19":12,"20":10,"21":5,"22":7,"23":9,"24":7,"25":9,"26":7,"27":12,"28":12,"29":7,"30":12,"31":12},"f":{"0":12,"1":10,"2":7,"3":12,"4":10,"5":5,"6":9,"7":9,"8":12,"9":12},"b":{"0":[8,4],"1":[4,3],"2":[8,2],"3":[10,2],"4":[5,1],"5":[12,10],"6":[12,10],"7":[12,10],"8":[12,10],"9":[12,10],"10":[12,10],"11":[12,10],"12":[12,10],"13":[12,10],"14":[12,10]}}
}
