TN:
SF:src/__tests__/fixtures.ts
FN:3,(anonymous_5)
FN:9,(anonymous_6)
FN:16,(anonymous_7)
FN:30,(anonymous_8)
FNF:4
FNH:3
FNDA:133,(anonymous_5)
FNDA:14,(anonymous_6)
FNDA:31,(anonymous_7)
FNDA:0,(anonymous_8)
DA:3,133
DA:9,14
DA:16,31
DA:30,5
LF:4
LH:4
BRF:0
BRH:0
end_of_record
TN:
SF:src/components/ErrorMessage/ErrorMessage.tsx
FNF:0
FNH:0
DA:3,1
DA:14,2
LF:2
LH:2
BRF:0
BRH:0
end_of_record
TN:
SF:src/components/Filters/FilterMultiSelect.tsx
FN:13,(anonymous_2)
FN:17,(anonymous_3)
FN:18,(anonymous_4)
FN:22,(anonymous_5)
FN:25,(anonymous_6)
FN:27,(anonymous_7)
FN:36,(anonymous_8)
FN:43,(anonymous_9)
FN:48,(anonymous_10)
FN:54,(anonymous_11)
FNF:10
FNH:10
FNDA:14,(anonymous_2)
FNDA:8,(anonymous_3)
FNDA:1,(anonymous_4)
FNDA:8,(anonymous_5)
FNDA:2,(anonymous_6)
FNDA:2,(anonymous_7)
FNDA:5,(anonymous_8)
FNDA:1,(anonymous_9)
FNDA:15,(anonymous_10)
FNDA:2,(anonymous_11)
DA:3,1
DA:4,1
DA:13,1
DA:14,14
DA:15,14
DA:17,14
DA:18,8
DA:19,1
DA:21,8
DA:22,8
DA:25,14
DA:26,2
DA:27,2
DA:31,14
DA:36,5
DA:43,1
DA:49,15
DA:54,2
DA:67,8
LF:19
LH:19
BRDA:19,0,0,1
BRDA:19,0,1,0
BRDA:19,1,0,1
BRDA:19,1,1,1
BRDA:27,2,0,1
BRDA:27,2,1,1
BRDA:31,3,0,7
BRDA:31,3,1,7
BRDA:38,4,0,5
BRDA:38,4,1,9
BRDA:40,5,0,14
BRDA:42,6,0,5
BRF:12
BRH:11
end_of_record
TN:
SF:src/components/Filters/FilterSelect.tsx
FN:20,(anonymous_3)
FN:22,(anonymous_4)
FNF:2
FNH:2
FNDA:1,(anonymous_3)
FNDA:15,(anonymous_4)
DA:3,1
DA:20,1
DA:23,15
DA:31,5
LF:4
LH:4
BRDA:24,0,0,5
BRDA:24,0,1,10
BRF:2
BRH:2
end_of_record
TN:
SF:src/components/Filters/FilterStepper.tsx
FN:14,(anonymous_2)
FN:15,(anonymous_3)
FN:16,(anonymous_4)
FN:17,(anonymous_5)
FNF:4
FNH:4
FNDA:11,(anonymous_2)
FNDA:2,(anonymous_3)
FNDA:2,(anonymous_4)
FNDA:4,(anonymous_5)
DA:3,1
DA:14,1
DA:15,11
DA:16,11
DA:17,11
DA:18,4
DA:19,4
DA:41,11
LF:8
LH:8
BRDA:14,0,0,5
BRDA:14,1,0,5
BRDA:14,2,0,7
BRDA:19,3,0,3
BRDA:19,3,1,1
BRF:5
BRH:5
end_of_record
TN:
SF:src/components/Filters/FilterText.tsx
FN:14,(anonymous_2)
FN:18,(anonymous_3)
FN:20,(anonymous_4)
FN:23,(anonymous_5)
FN:34,(anonymous_6)
FNF:5
FNH:5
FNDA:14,(anonymous_2)
FNDA:7,(anonymous_3)
FNDA:4,(anonymous_4)
FNDA:1,(anonymous_5)
FNDA:4,(anonymous_6)
DA:3,1
DA:4,1
DA:14,1
DA:15,14
DA:16,14
DA:18,14
DA:20,14
DA:21,4
DA:22,4
DA:23,4
DA:34,4
DA:40,7
LF:12
LH:12
BRDA:14,0,0,6
BRDA:22,1,0,2
BRDA:22,1,1,2
BRF:3
BRH:3
end_of_record
TN:
SF:src/components/Filters/ReportPicker.tsx
FN:16,(anonymous_2)
FN:20,(anonymous_3)
FN:21,(anonymous_4)
FN:25,(anonymous_5)
FN:30,(anonymous_6)
FN:32,(anonymous_7)
FN:35,(anonymous_8)
FN:36,(anonymous_9)
FN:40,(anonymous_10)
FN:46,(anonymous_11)
FN:49,(anonymous_12)
FN:53,(anonymous_13)
FN:54,(anonymous_14)
FN:67,(anonymous_15)
FN:81,(anonymous_16)
FN:81,(anonymous_17)
FN:86,(anonymous_18)
FN:100,(anonymous_19)
FN:106,(anonymous_20)
FN:109,(anonymous_21)
FN:110,(anonymous_22)
FNF:21
FNH:20
FNDA:19,(anonymous_2)
FNDA:11,(anonymous_3)
FNDA:1,(anonymous_4)
FNDA:11,(anonymous_5)
FNDA:31,(anonymous_6)
FNDA:5,(anonymous_7)
FNDA:1,(anonymous_8)
FNDA:5,(anonymous_9)
FNDA:1,(anonymous_10)
FNDA:2,(anonymous_11)
FNDA:0,(anonymous_12)
FNDA:1,(anonymous_13)
FNDA:1,(anonymous_14)
FNDA:7,(anonymous_15)
FNDA:42,(anonymous_16)
FNDA:8,(anonymous_17)
FNDA:1,(anonymous_18)
FNDA:49,(anonymous_19)
FNDA:2,(anonymous_20)
FNDA:3,(anonymous_21)
FNDA:3,(anonymous_22)
DA:3,1
DA:4,1
DA:14,1
DA:16,1
DA:17,19
DA:18,19
DA:20,19
DA:21,11
DA:22,1
DA:24,11
DA:25,11
DA:28,19
DA:29,19
DA:30,19
DA:31,31
DA:32,5
DA:35,19
DA:36,5
DA:37,1
DA:40,19
DA:41,1
DA:42,0
DA:43,0
DA:45,1
DA:46,2
DA:47,1
DA:49,0
DA:53,19
DA:54,19
DA:56,19
DA:67,7
DA:81,42
DA:82,8
DA:86,1
DA:101,49
DA:107,2
DA:109,3
DA:110,3
DA:112,1
DA:128,11
LF:40
LH:37
BRDA:22,0,0,1
BRDA:22,0,1,0
BRDA:22,1,0,1
BRDA:22,1,1,1
BRDA:29,2,0,19
BRDA:29,2,1,1
BRDA:30,3,0,6
BRDA:30,3,1,13
BRDA:30,4,0,19
BRDA:30,4,1,18
BRDA:31,5,0,30
BRDA:31,5,1,1
BRDA:41,6,0,0
BRDA:41,6,1,1
BRDA:45,7,0,1
BRDA:45,7,1,0
BRDA:47,8,0,0
BRDA:47,8,1,1
BRDA:56,9,0,1
BRDA:56,9,1,18
BRDA:58,10,0,12
BRDA:58,10,1,6
BRDA:60,11,0,1
BRDA:60,11,1,5
BRDA:69,12,0,7
BRDA:69,12,1,12
BRDA:71,13,0,19
BRDA:76,14,0,5
BRDA:76,14,1,2
BRDA:85,15,0,0
BRDA:85,15,1,8
BRDA:93,16,0,0
BRDA:93,16,1,7
BRDA:105,17,0,49
BRDA:105,17,1,49
BRDA:105,17,2,13
BRDA:107,18,0,1
BRDA:107,18,1,1
BRF:38
BRH:32
end_of_record
TN:
SF:src/components/Loading/Loading.tsx
FNF:0
FNH:0
DA:3,1
DA:7,1
LF:2
LH:2
BRF:0
BRH:0
end_of_record
TN:
SF:src/components/Matrix/Matrix.tsx
FN:14,(anonymous_2)
FN:24,(anonymous_3)
FNF:2
FNH:2
FNDA:5,(anonymous_2)
FNDA:6,(anonymous_3)
DA:3,1
DA:4,1
DA:5,1
DA:14,1
DA:15,5
DA:25,6
DA:36,5
LF:7
LH:7
BRDA:15,0,0,1
BRDA:15,0,1,4
BRF:2
BRH:2
end_of_record
TN:
SF:src/components/Matrix/MatrixCell.tsx
FN:12,(anonymous_2)
FN:19,(anonymous_3)
FNF:2
FNH:2
FNDA:26,(anonymous_2)
FNDA:44,(anonymous_3)
DA:3,3
DA:12,3
DA:13,26
DA:14,21
DA:15,20
DA:16,19
DA:19,3
DA:20,44
DA:27,26
DA:39,44
LF:10
LH:10
BRDA:13,0,0,5
BRDA:13,0,1,21
BRDA:14,1,0,1
BRDA:14,1,1,20
BRDA:15,2,0,1
BRDA:15,2,1,19
BRDA:20,3,0,18
BRDA:20,3,1,26
BRDA:22,4,0,16
BRDA:22,4,1,2
BRDA:31,5,0,19
BRDA:31,5,1,7
BRF:12
BRH:12
end_of_record
TN:
SF:src/components/Matrix/MatrixHeader.tsx
FN:14,(anonymous_3)
FNF:1
FNH:1
FNDA:13,(anonymous_3)
DA:3,2
DA:15,13
DA:24,8
LF:3
LH:3
BRF:0
BRH:0
end_of_record
TN:
SF:src/components/Matrix/MatrixRow.tsx
FN:23,(anonymous_3)
FN:28,(anonymous_4)
FNF:2
FNH:2
FNDA:33,(anonymous_3)
FNDA:2,(anonymous_4)
DA:3,2
DA:4,2
DA:24,33
DA:28,2
DA:34,13
LF:5
LH:5
BRDA:20,0,0,1
BRDA:20,0,1,12
BRDA:28,1,0,18
BRDA:28,1,1,15
BRDA:28,2,0,33
BRDA:28,2,1,18
BRDA:25,3,0,33
BRDA:25,3,1,0
BRF:8
BRH:7
end_of_record
TN:
SF:src/components/ReportDrawer/ReportDrawer.tsx
FN:11,(anonymous_2)
FN:12,(anonymous_3)
FN:13,(anonymous_4)
FN:17,(anonymous_5)
FNF:4
FNH:4
FNDA:7,(anonymous_2)
FNDA:7,(anonymous_3)
FNDA:1,(anonymous_4)
FNDA:7,(anonymous_5)
DA:3,1
DA:4,1
DA:11,1
DA:12,7
DA:13,7
DA:14,1
DA:16,7
DA:17,7
DA:20,7
DA:40,7
LF:10
LH:10
BRDA:14,0,0,1
BRDA:14,0,1,0
BRDA:16,1,0,5
BRDA:16,1,1,2
BRDA:20,2,0,2
BRDA:20,2,1,5
BRF:6
BRH:5
end_of_record
TN:
SF:src/components/Stats/StatCard.tsx
FNF:0
FNH:0
DA:3,2
DA:29,49
LF:2
LH:2
BRDA:14,0,0,5
BRDA:19,1,0,49
BRF:2
BRH:2
end_of_record
TN:
SF:src/components/Stats/Stats.tsx
FN:9,(anonymous_2)
FNF:1
FNH:1
FNDA:6,(anonymous_2)
DA:3,1
DA:4,1
DA:9,1
DA:10,6
DA:11,6
DA:12,6
DA:13,6
DA:14,6
DA:15,6
DA:16,6
DA:17,6
DA:42,6
LF:12
LH:12
BRDA:10,0,0,6
BRDA:10,0,1,1
BRDA:11,1,0,6
BRDA:11,1,1,1
BRDA:13,2,0,6
BRDA:13,2,1,1
BRDA:14,3,0,6
BRDA:14,3,1,1
BRDA:15,4,0,6
BRDA:15,4,1,1
BRDA:16,5,0,6
BRDA:16,5,1,1
BRDA:17,6,0,6
BRDA:17,6,1,1
BRDA:25,7,0,5
BRDA:25,7,1,1
BRDA:26,8,0,5
BRDA:26,8,1,1
BRDA:30,9,0,4
BRDA:30,9,1,2
BRDA:32,10,0,5
BRDA:32,10,1,1
BRDA:33,11,0,5
BRDA:33,11,1,1
BRF:24
BRH:24
end_of_record
TN:
SF:src/hooks/usePersistedState.ts
FN:7,(anonymous_1)
FN:11,(anonymous_2)
FN:21,(anonymous_3)
FNF:3
FNH:3
FNDA:12,(anonymous_1)
FNDA:5,(anonymous_2)
FNDA:12,(anonymous_3)
DA:3,1
DA:5,1
DA:7,12
DA:8,12
DA:9,12
DA:11,12
DA:12,5
DA:13,5
DA:14,5
DA:18,5
DA:21,12
DA:22,12
DA:23,7
DA:24,7
DA:30,12
LF:15
LH:15
BRDA:14,0,0,2
BRDA:14,0,1,3
BRDA:22,1,0,5
BRDA:22,1,1,7
BRF:4
BRH:4
end_of_record
TN:
SF:src/lib/cache.ts
FN:6,(anonymous_3)
FN:8,(anonymous_4)
FN:18,(anonymous_5)
FN:22,(anonymous_6)
FN:35,(anonymous_7)
FN:39,(anonymous_8)
FN:43,(anonymous_9)
FNF:7
FNH:7
FNDA:7,(anonymous_3)
FNDA:10,(anonymous_4)
FNDA:7,(anonymous_5)
FNDA:4,(anonymous_6)
FNDA:20,(anonymous_7)
FNDA:16,(anonymous_8)
FNDA:17,(anonymous_9)
DA:3,7
DA:4,7
DA:6,7
DA:9,10
DA:10,10
DA:11,7
DA:12,3
DA:13,3
DA:15,4
DA:19,7
DA:23,4
DA:24,4
DA:25,3
DA:26,3
DA:27,3
DA:32,15
DA:33,15
DA:36,20
DA:40,16
DA:44,17
DA:45,17
DA:46,15
DA:47,15
DA:48,15
LF:24
LH:24
BRDA:10,0,0,3
BRDA:10,0,1,7
BRDA:11,1,0,3
BRDA:11,1,1,4
BRDA:19,2,0,7
BRDA:19,2,1,6
BRDA:24,3,0,1
BRDA:24,3,1,3
BRDA:45,4,0,2
BRDA:45,4,1,15
BRF:10
BRH:10
end_of_record
TN:
SF:src/lib/paths.ts
FN:11,(anonymous_6)
FN:16,(anonymous_7)
FN:18,(anonymous_8)
FN:24,(anonymous_9)
FN:30,(anonymous_10)
FNF:5
FNH:5
FNDA:2,(anonymous_6)
FNDA:3,(anonymous_7)
FNDA:3,(anonymous_8)
FNDA:4,(anonymous_9)
FNDA:4,(anonymous_10)
DA:1,1
DA:3,1
DA:11,2
DA:12,2
DA:13,2
DA:16,3
DA:17,3
DA:18,3
DA:19,3
DA:22,1
DA:24,4
DA:25,4
DA:26,4
DA:27,1
DA:30,4
DA:32,4
LF:16
LH:16
BRDA:26,0,0,3
BRDA:26,0,1,1
BRF:2
BRH:2
end_of_record
TN:
SF:src/services/reportAggregator.ts
FN:7,(anonymous_1)
FN:8,(anonymous_2)
FN:10,(anonymous_3)
FN:23,(anonymous_4)
FN:34,(anonymous_5)
FN:64,(anonymous_6)
FN:85,(anonymous_7)
FN:90,(anonymous_8)
FN:94,(anonymous_9)
FN:104,(anonymous_10)
FN:107,(anonymous_11)
FN:108,(anonymous_12)
FN:109,(anonymous_13)
FN:114,(anonymous_14)
FN:115,(anonymous_15)
FN:116,(anonymous_16)
FN:117,(anonymous_17)
FNF:17
FNH:17
FNDA:14,(anonymous_1)
FNDA:14,(anonymous_2)
FNDA:17,(anonymous_3)
FNDA:27,(anonymous_4)
FNDA:17,(anonymous_5)
FNDA:14,(anonymous_6)
FNDA:12,(anonymous_7)
FNDA:14,(anonymous_8)
FNDA:13,(anonymous_9)
FNDA:14,(anonymous_10)
FNDA:13,(anonymous_11)
FNDA:12,(anonymous_12)
FNDA:15,(anonymous_13)
FNDA:15,(anonymous_14)
FNDA:15,(anonymous_15)
FNDA:15,(anonymous_16)
FNDA:15,(anonymous_17)
DA:1,12
DA:2,12
DA:5,12
DA:7,12
DA:8,14
DA:10,12
DA:11,17
DA:23,12
DA:31,27
DA:32,27
DA:34,27
DA:35,17
DA:36,17
DA:37,17
DA:38,17
DA:40,17
DA:41,17
DA:42,13
DA:49,13
DA:52,17
DA:56,17
DA:58,17
DA:59,17
DA:60,17
DA:64,27
DA:85,12
DA:86,12
DA:87,12
DA:89,12
DA:90,14
DA:93,12
DA:94,14
DA:95,14
DA:104,14
DA:106,12
DA:107,13
DA:109,12
DA:110,15
DA:111,15
DA:112,13
DA:114,15
DA:115,15
DA:116,15
DA:117,15
DA:118,12
DA:119,12
DA:133,12
LF:47
LH:47
BRDA:11,0,0,17
BRDA:11,0,1,0
BRDA:28,1,0,13
BRDA:29,2,0,13
BRDA:31,3,0,14
BRDA:31,3,1,13
BRDA:31,4,0,1
BRDA:31,4,1,13
BRDA:32,5,0,27
BRDA:32,5,1,14
BRDA:32,5,2,14
BRDA:35,6,0,17
BRDA:35,6,1,0
BRDA:37,7,0,17
BRDA:37,7,1,1
BRDA:41,8,0,13
BRDA:41,8,1,4
BRDA:52,9,0,4
BRDA:52,9,1,13
BRDA:53,10,0,2
BRDA:53,10,1,11
BRDA:54,11,0,1
BRDA:54,11,1,10
BRDA:59,12,0,17
BRDA:59,12,1,0
BRDA:59,13,0,17
BRDA:59,13,1,3
BRDA:96,14,0,14
BRDA:96,14,1,1
BRDA:97,15,0,14
BRDA:97,15,1,1
BRDA:98,16,0,14
BRDA:98,16,1,1
BRDA:99,17,0,14
BRDA:99,17,1,1
BRDA:100,18,0,14
BRDA:100,18,1,1
BRDA:111,19,0,2
BRDA:111,19,1,13
BRDA:118,20,0,12
BRDA:118,20,1,0
BRF:41
BRH:37
end_of_record
TN:
SF:src/services/reportsService.ts
FN:6,(anonymous_1)
FN:12,(anonymous_2)
FN:17,(anonymous_3)
FN:30,(anonymous_4)
FN:31,(anonymous_5)
FN:32,(anonymous_6)
FN:34,(anonymous_7)
FN:35,(anonymous_8)
FN:39,(anonymous_9)
FN:53,(anonymous_10)
FNF:10
FNH:10
FNDA:12,(anonymous_1)
FNDA:10,(anonymous_2)
FNDA:7,(anonymous_3)
FNDA:12,(anonymous_4)
FNDA:10,(anonymous_5)
FNDA:5,(anonymous_6)
FNDA:9,(anonymous_7)
FNDA:9,(anonymous_8)
FNDA:12,(anonymous_9)
FNDA:12,(anonymous_10)
DA:1,1
DA:2,1
DA:3,1
DA:6,1
DA:7,12
DA:8,4
DA:9,4
DA:12,1
DA:13,10
DA:14,2
DA:17,7
DA:18,7
DA:25,7
DA:26,7
DA:27,7
DA:29,7
DA:30,12
DA:31,10
DA:32,5
DA:34,9
DA:35,9
DA:38,7
DA:40,12
DA:41,12
DA:52,7
DA:54,12
DA:55,12
LF:27
LH:27
BRDA:7,0,0,8
BRDA:7,0,1,4
BRDA:9,1,0,4
BRDA:9,1,1,3
BRDA:13,2,0,8
BRDA:13,2,1,2
BRDA:13,3,0,10
BRDA:13,3,1,2
BRDA:32,4,0,5
BRDA:32,4,1,1
BRDA:42,5,0,12
BRDA:42,5,1,10
BRDA:43,6,0,12
BRDA:43,6,1,10
BRDA:44,7,0,12
BRDA:44,7,1,10
BRDA:45,8,0,12
BRDA:45,8,1,10
BRDA:46,9,0,12
BRDA:46,9,1,10
BRDA:60,10,0,12
BRDA:60,10,1,10
BRDA:61,11,0,12
BRDA:61,11,1,10
BRDA:62,12,0,12
BRDA:62,12,1,10
BRDA:63,13,0,12
BRDA:63,13,1,10
BRDA:64,14,0,12
BRDA:64,14,1,10
BRF:30
BRH:30
end_of_record
